<?xml version="1.0" encoding="UTF-8"?>
<TestRun id="b9f275d9-3c5c-478c-b61c-78e0594ec73a" name="Brian@DAVID 2012-03-24 14:42:28" runUser="David\Brian" xmlns="http://microsoft.com/schemas/VisualStudio/TeamTest/2010">
  <TestSettings name="orm" id="c32688e4-f0a2-42ed-b3a7-8365fcecf72b">
    <Description>These are default test settings for a local test run.</Description>
    <Deployment runDeploymentRoot="Brian_DAVID 2012-03-24 14_42_28">
      <DeploymentItem filename="C:\Content\VS Projects\Nucleo\Orm\4.0\packages\EntityFramework.4.3.1\lib\net40\EntityFramework.dll" />
      <DeploymentItem filename="C:\Content\VS Projects\Nucleo\Orm\4.0\Nucleo.Orm.Core\bin\Debug\Nucleo.Orm.Core.dll" />
      <DeploymentItem filename="C:\Content\VS Projects\Nucleo\Orm\4.0\Nucleo.Orm\bin\Debug\Nucleo.Orm.dll" />
      <DeploymentItem filename="C:\Content\VS Projects\Nucleo\Orm\4.0\Nucleo.Orm.Entity\bin\Debug\Nucleo.Orm.Entity.dll" />
      <DeploymentItem filename="C:\Program Files (x86)\Typemock\Isolator\6.1\Typemock.ArrangeActAssert.dll" />
      <DeploymentItem filename="C:\Content\VS Projects\Nucleo\Orm\4.0\Nucleo.Orm.Entity.CodeFirst\bin\Debug\Nucleo.Orm.Entity.CodeFirst.dll" />
      <DeploymentItem filename="C:\Content\VS Projects\Nucleo\Orm\4.0\Nucleo.Orm.DataClasses\bin\Debug\Nucleo.Orm.DataClasses.dll" />
      <DeploymentItem filename="C:\Content\VS Projects\Nucleo\Orm\4.0\Build\Debug\Nucleo.dll" />
      <DeploymentItem filename="C:\Content\VS Projects\Nucleo\Orm\4.0\Build\Debug\Nucleo.Core.dll" />
    </Deployment>
    <Execution>
      <TestTypeSpecific>
        <UnitTestRunConfig testTypeId="13cdc9d9-ddb5-4fa4-a97d-d965ccfc6d4b">
          <AssemblyResolution>
            <TestDirectory useLoadContext="true" />
          </AssemblyResolution>
        </UnitTestRunConfig>
        <WebTestRunConfiguration testTypeId="4e7599fa-5ecb-43e9-a887-cd63cf72d207">
          <Browser name="Internet Explorer 7.0">
            <Headers>
              <Header name="User-Agent" value="Mozilla/4.0 (compatible; MSIE 7.0; Windows NT 5.1)" />
              <Header name="Accept" value="*/*" />
              <Header name="Accept-Language" value="{{$IEAcceptLanguage}}" />
              <Header name="Accept-Encoding" value="GZIP" />
            </Headers>
          </Browser>
        </WebTestRunConfiguration>
      </TestTypeSpecific>
      <AgentRule name="LocalMachineDefaultRole">
        <DataCollectors>
          <DataCollector uri="datacollector://microsoft/CodeCoverage/1.0" assemblyQualifiedName="Microsoft.VisualStudio.TestTools.CodeCoverage.CoveragePlugIn, Microsoft.VisualStudio.QualityTools.Plugins.CodeCoverage, Version=10.0.0.0, Culture=neutral, PublicKeyToken=b03f5f7f11d50a3a" friendlyName="Code Coverage">
            <Configuration>
              <CodeCoverage xmlns="">
                <Regular>
                  <CodeCoverageItem binaryFile="C:\Content\VS Projects\Nucleo\Orm\4.0\Nucleo.Orm.Core\bin\Debug\Nucleo.Orm.Core.dll" pdbFile="C:\Content\VS Projects\Nucleo\Orm\4.0\Nucleo.Orm.Core\bin\Debug\Nucleo.Orm.Core.instr.pdb" instrumentInPlace="true" />
                  <CodeCoverageItem binaryFile="C:\Content\VS Projects\Nucleo\Orm\4.0\Nucleo.Orm.DataClasses\bin\Debug\Nucleo.Orm.DataClasses.dll" pdbFile="C:\Content\VS Projects\Nucleo\Orm\4.0\Nucleo.Orm.DataClasses\bin\Debug\Nucleo.Orm.DataClasses.instr.pdb" instrumentInPlace="true" />
                  <CodeCoverageItem binaryFile="C:\Content\VS Projects\Nucleo\Orm\4.0\Nucleo.Orm\bin\Debug\Nucleo.Orm.dll" pdbFile="C:\Content\VS Projects\Nucleo\Orm\4.0\Nucleo.Orm\bin\Debug\Nucleo.Orm.instr.pdb" instrumentInPlace="true" />
                  <CodeCoverageItem binaryFile="C:\Content\VS Projects\Nucleo\Orm\4.0\Nucleo.Orm.Entity\bin\Debug\Nucleo.Orm.Entity.dll" pdbFile="C:\Content\VS Projects\Nucleo\Orm\4.0\Nucleo.Orm.Entity\bin\Debug\Nucleo.Orm.Entity.instr.pdb" instrumentInPlace="true" />
                  <CodeCoverageItem binaryFile="C:\Content\VS Projects\Nucleo\Orm\4.0\Nucleo.Orm.Entity.CodeFirst\bin\Debug\Nucleo.Orm.Entity.CodeFirst.dll" pdbFile="C:\Content\VS Projects\Nucleo\Orm\4.0\Nucleo.Orm.Entity.CodeFirst\bin\Debug\Nucleo.Orm.Entity.CodeFirst.instr.pdb" instrumentInPlace="true" />
                </Regular>
              </CodeCoverage>
            </Configuration>
          </DataCollector>
        </DataCollectors>
      </AgentRule>
    </Execution>
  </TestSettings>
  <Times creation="2012-03-24T14:42:28.5976406-04:00" queuing="2012-03-24T14:42:36.4745937-04:00" start="2012-03-24T14:42:36.8779140-04:00" finish="2012-03-24T14:42:44.0673671-04:00" />
  <ResultSummary outcome="Failed">
    <Counters total="123" executed="123" passed="116" error="0" failed="7" timeout="0" aborted="0" inconclusive="0" passedButRunAborted="0" notRunnable="0" notExecuted="0" disconnected="0" warning="0" completed="0" inProgress="0" pending="0" />
    <ResultFiles>
      <ResultFile path="DAVID\data.coverage" />
    </ResultFiles>
  </ResultSummary>
  <TestDefinitions>
    <UnitTest name="QueuingInsertAddsToChangeList" storage="c:\content\vs projects\nucleo\orm\4.0\tests.unit.orm\bin\debug\tests.unit.orm.dll" id="cad57930-f0bf-4909-3edd-6471ee663f58">
      <Execution id="23f5d8a4-22e7-43af-9c12-96ff8085b5b2" />
      <TestMethod codeBase="C:/Content/VS Projects/Nucleo/Orm/4.0/Tests.Unit.Orm/bin/Debug/Tests.Unit.Orm.DLL" adapterTypeName="Microsoft.VisualStudio.TestTools.TestTypes.Unit.UnitTestAdapter, Microsoft.VisualStudio.QualityTools.Tips.UnitTest.Adapter, Version=10.0.0.0, Culture=neutral, PublicKeyToken=b03f5f7f11d50a3a" className="Nucleo.Orm.InMemoryUnitOfWorkTest, Tests.Unit.Orm, Version=1.0.0.0, Culture=neutral, PublicKeyToken=null" name="QueuingInsertAddsToChangeList" />
    </UnitTest>
    <UnitTest name="GettingAndSettingPropertiesWorksOK" storage="c:\content\vs projects\nucleo\orm\4.0\tests.unit.orm\bin\debug\tests.unit.orm.dll" id="a3fcc15f-bd0a-1c1f-d5bf-10c25e374e73">
      <Execution id="559fbfb9-8b46-4512-8063-f84057663376" />
      <TestMethod codeBase="C:/Content/VS Projects/Nucleo/Orm/4.0/Tests.Unit.Orm/bin/Debug/Tests.Unit.Orm.DLL" adapterTypeName="Microsoft.VisualStudio.TestTools.TestTypes.Unit.UnitTestAdapter, Microsoft.VisualStudio.QualityTools.Tips.UnitTest.Adapter, Version=10.0.0.0, Culture=neutral, PublicKeyToken=b03f5f7f11d50a3a" className="Nucleo.Orm.Configuration.UnitOfWorkRegistrationElementTest, Tests.Unit.Orm, Version=1.0.0.0, Culture=neutral, PublicKeyToken=null" name="GettingAndSettingPropertiesWorksOK" />
    </UnitTest>
    <UnitTest name="SettingDiscoveryStrategyStaticAssignsOK" storage="c:\content\vs projects\nucleo\orm\4.0\tests.unit.orm\bin\debug\tests.unit.orm.dll" id="54a96eca-b21a-8fe4-651e-7f151971e46c">
      <Execution id="9da718bc-aa83-4e00-bd1d-ea3c0185cba2" />
      <TestMethod codeBase="C:/Content/VS Projects/Nucleo/Orm/4.0/Tests.Unit.Orm/bin/Debug/Tests.Unit.Orm.DLL" adapterTypeName="Microsoft.VisualStudio.TestTools.TestTypes.Unit.UnitTestAdapter, Microsoft.VisualStudio.QualityTools.Tips.UnitTest.Adapter, Version=10.0.0.0, Culture=neutral, PublicKeyToken=b03f5f7f11d50a3a" className="Nucleo.Orm.Validation.OrmValidatorTest, Tests.Unit.Orm, Version=1.0.0.0, Culture=neutral, PublicKeyToken=null" name="SettingDiscoveryStrategyStaticAssignsOK" />
    </UnitTest>
    <UnitTest name="CreatingNewObjectByInterfaceWorksOK" storage="c:\content\vs projects\nucleo\orm\4.0\tests.unit.orm\bin\debug\tests.unit.orm.dll" id="4aaa3cb0-8eaa-e06c-4fb9-57127d516f61">
      <Execution id="e81a44ac-9fe7-4a6b-8650-28d0c6de3d34" />
      <TestMethod codeBase="C:/Content/VS Projects/Nucleo/Orm/4.0/Tests.Unit.Orm/bin/Debug/Tests.Unit.Orm.DLL" adapterTypeName="Microsoft.VisualStudio.TestTools.TestTypes.Unit.UnitTestAdapter, Microsoft.VisualStudio.QualityTools.Tips.UnitTest.Adapter, Version=10.0.0.0, Culture=neutral, PublicKeyToken=b03f5f7f11d50a3a" className="Nucleo.Orm.InMemoryUnitOfWorkTest, Tests.Unit.Orm, Version=1.0.0.0, Culture=neutral, PublicKeyToken=null" name="CreatingNewObjectByInterfaceWorksOK" />
    </UnitTest>
    <UnitTest name="CtorWithNullDataThrowsException" storage="c:\content\vs projects\nucleo\orm\4.0\tests.unit.orm\bin\debug\tests.unit.orm.dll" id="27ce98cd-2122-17f9-d3f9-18bc5a3b8d37">
      <Execution id="321f642a-2679-4328-b654-d255bb64b889" />
      <TestMethod codeBase="C:/Content/VS Projects/Nucleo/Orm/4.0/Tests.Unit.Orm/bin/Debug/Tests.Unit.Orm.DLL" adapterTypeName="Microsoft.VisualStudio.TestTools.TestTypes.Unit.UnitTestAdapter, Microsoft.VisualStudio.QualityTools.Tips.UnitTest.Adapter, Version=10.0.0.0, Culture=neutral, PublicKeyToken=b03f5f7f11d50a3a" className="Nucleo.Orm.InMemoryUnitOfWorkTest, Tests.Unit.Orm, Version=1.0.0.0, Culture=neutral, PublicKeyToken=null" name="CtorWithNullDataThrowsException" />
    </UnitTest>
    <UnitTest name="GettingByKeyReturnsNull" storage="c:\content\vs projects\nucleo\orm\4.0\tests.unit.orm\bin\debug\tests.unit.orm.dll" id="faaec9bb-7e12-1870-005d-8af279658fb2">
      <Execution id="c9df9437-cbd9-4c1a-947e-fb8fb1e52578" />
      <TestMethod codeBase="C:/Content/VS Projects/Nucleo/Orm/4.0/Tests.Unit.Orm/bin/Debug/Tests.Unit.Orm.DLL" adapterTypeName="Microsoft.VisualStudio.TestTools.TestTypes.Unit.UnitTestAdapter, Microsoft.VisualStudio.QualityTools.Tips.UnitTest.Adapter, Version=10.0.0.0, Culture=neutral, PublicKeyToken=b03f5f7f11d50a3a" className="Nucleo.Orm.Entities.ObjectSetEntityUnitOfWorkTest, Tests.Unit.Orm, Version=1.0.0.0, Culture=neutral, PublicKeyToken=null" name="GettingByKeyReturnsNull" />
    </UnitTest>
    <UnitTest name="CreatingEntitySetWithNullCoreResultThrowsException" storage="c:\content\vs projects\nucleo\orm\4.0\tests.unit.orm\bin\debug\tests.unit.orm.dll" id="2c7e5bdd-19e9-6fc5-1252-db496f8a4268">
      <Execution id="5a345cca-e717-467e-b4f2-66609a2706d2" />
      <TestMethod codeBase="C:/Content/VS Projects/Nucleo/Orm/4.0/Tests.Unit.Orm/bin/Debug/Tests.Unit.Orm.DLL" adapterTypeName="Microsoft.VisualStudio.TestTools.TestTypes.Unit.UnitTestAdapter, Microsoft.VisualStudio.QualityTools.Tips.UnitTest.Adapter, Version=10.0.0.0, Culture=neutral, PublicKeyToken=b03f5f7f11d50a3a" className="Nucleo.Orm.Entities.Legacy.ObjectSetUnitOfWorkTest, Tests.Unit.Orm, Version=1.0.0.0, Culture=neutral, PublicKeyToken=null" name="CreatingEntitySetWithNullCoreResultThrowsException" />
    </UnitTest>
    <UnitTest name="ValidatingNonValidatableEntityReturnsNull" storage="c:\content\vs projects\nucleo\orm\4.0\tests.unit.orm\bin\debug\tests.unit.orm.dll" id="25ae8631-d2b2-3c6a-ecfb-d293d2493bce">
      <Execution id="80b16e55-6458-41e5-8f0d-d6cc45447681" />
      <TestMethod codeBase="C:/Content/VS Projects/Nucleo/Orm/4.0/Tests.Unit.Orm/bin/Debug/Tests.Unit.Orm.DLL" adapterTypeName="Microsoft.VisualStudio.TestTools.TestTypes.Unit.UnitTestAdapter, Microsoft.VisualStudio.QualityTools.Tips.UnitTest.Adapter, Version=10.0.0.0, Culture=neutral, PublicKeyToken=b03f5f7f11d50a3a" className="Nucleo.Orm.Validation.Discovery.DefaultValidationRuleDiscoveryStrategyTest, Tests.Unit.Orm, Version=1.0.0.0, Culture=neutral, PublicKeyToken=null" name="ValidatingNonValidatableEntityReturnsNull" />
    </UnitTest>
    <UnitTest name="CreatingANewEntityCreatesOK" storage="c:\content\vs projects\nucleo\orm\4.0\tests.unit.orm\bin\debug\tests.unit.orm.dll" id="e725ecd4-2d11-c015-13f0-34e0f66a36fc">
      <Execution id="508ec2ae-7ce1-4379-b4da-a2f15878f6f8" />
      <TestMethod codeBase="C:/Content/VS Projects/Nucleo/Orm/4.0/Tests.Unit.Orm/bin/Debug/Tests.Unit.Orm.DLL" adapterTypeName="Microsoft.VisualStudio.TestTools.TestTypes.Unit.UnitTestAdapter, Microsoft.VisualStudio.QualityTools.Tips.UnitTest.Adapter, Version=10.0.0.0, Culture=neutral, PublicKeyToken=b03f5f7f11d50a3a" className="Nucleo.Orm.DataClasses.TableEntityUnitOfWorkTest, Tests.Unit.Orm, Version=1.0.0.0, Culture=neutral, PublicKeyToken=null" name="CreatingANewEntityCreatesOK" />
    </UnitTest>
    <UnitTest name="QueuingUpdateWithNullObjectThrowsException" storage="c:\content\vs projects\nucleo\orm\4.0\tests.unit.orm\bin\debug\tests.unit.orm.dll" id="09e72b00-1ee6-4294-9a04-15fe96fb9b05">
      <Execution id="f4356c74-8275-49b4-a093-53ca70b792c1" />
      <TestMethod codeBase="C:/Content/VS Projects/Nucleo/Orm/4.0/Tests.Unit.Orm/bin/Debug/Tests.Unit.Orm.DLL" adapterTypeName="Microsoft.VisualStudio.TestTools.TestTypes.Unit.UnitTestAdapter, Microsoft.VisualStudio.QualityTools.Tips.UnitTest.Adapter, Version=10.0.0.0, Culture=neutral, PublicKeyToken=b03f5f7f11d50a3a" className="Nucleo.Orm.Entities.ObjectSetEntityUnitOfWorkTest, Tests.Unit.Orm, Version=1.0.0.0, Culture=neutral, PublicKeyToken=null" name="QueuingUpdateWithNullObjectThrowsException" />
    </UnitTest>
    <UnitTest name="CtorWithNullData2ThrowsException" storage="c:\content\vs projects\nucleo\orm\4.0\tests.unit.orm\bin\debug\tests.unit.orm.dll" id="f03c6866-bc60-214f-0c44-8f942145c010">
      <Execution id="1a54c165-d42e-49cb-a30c-a43bbbd0cabe" />
      <TestMethod codeBase="C:/Content/VS Projects/Nucleo/Orm/4.0/Tests.Unit.Orm/bin/Debug/Tests.Unit.Orm.DLL" adapterTypeName="Microsoft.VisualStudio.TestTools.TestTypes.Unit.UnitTestAdapter, Microsoft.VisualStudio.QualityTools.Tips.UnitTest.Adapter, Version=10.0.0.0, Culture=neutral, PublicKeyToken=b03f5f7f11d50a3a" className="Nucleo.Orm.InMemoryUnitOfWorkTest, Tests.Unit.Orm, Version=1.0.0.0, Culture=neutral, PublicKeyToken=null" name="CtorWithNullData2ThrowsException" />
    </UnitTest>
    <UnitTest name="SavingChangesSavesOK" storage="c:\content\vs projects\nucleo\orm\4.0\tests.unit.orm\bin\debug\tests.unit.orm.dll" id="f022b687-5ab1-eae2-6a2b-5d8c4245ec36">
      <Execution id="8d2f1a90-2571-468b-8a3e-11eaebca2a20" />
      <TestMethod codeBase="C:/Content/VS Projects/Nucleo/Orm/4.0/Tests.Unit.Orm/bin/Debug/Tests.Unit.Orm.DLL" adapterTypeName="Microsoft.VisualStudio.TestTools.TestTypes.Unit.UnitTestAdapter, Microsoft.VisualStudio.QualityTools.Tips.UnitTest.Adapter, Version=10.0.0.0, Culture=neutral, PublicKeyToken=b03f5f7f11d50a3a" className="Nucleo.Orm.Entities.NucleoObjectContextTest, Tests.Unit.Orm, Version=1.0.0.0, Culture=neutral, PublicKeyToken=null" name="SavingChangesSavesOK" />
    </UnitTest>
    <UnitTest name="CreatesTheMessagesWithNullMessageThrowsException" storage="c:\content\vs projects\nucleo\orm\4.0\tests.unit.orm\bin\debug\tests.unit.orm.dll" id="9cbf0c10-7a52-fe7c-cf5e-0409da61da27">
      <Execution id="4112fc63-2dc1-4cf3-8805-4dc2c2a2803b" />
      <TestMethod codeBase="C:/Content/VS Projects/Nucleo/Orm/4.0/Tests.Unit.Orm/bin/Debug/Tests.Unit.Orm.DLL" adapterTypeName="Microsoft.VisualStudio.TestTools.TestTypes.Unit.UnitTestAdapter, Microsoft.VisualStudio.QualityTools.Tips.UnitTest.Adapter, Version=10.0.0.0, Culture=neutral, PublicKeyToken=b03f5f7f11d50a3a" className="Nucleo.Orm.Validation.ValidationMessageTest, Tests.Unit.Orm, Version=1.0.0.0, Culture=neutral, PublicKeyToken=null" name="CreatesTheMessagesWithNullMessageThrowsException" />
    </UnitTest>
    <UnitTest name="LinqExpressionIsAccessible" storage="c:\content\vs projects\nucleo\orm\4.0\tests.unit.orm\bin\debug\tests.unit.orm.dll" id="1037db9c-05ab-d2fa-7fdb-9b7281c3304e">
      <Execution id="d733531d-3edd-47ce-ba0b-f3ba2d14539a" />
      <TestMethod codeBase="C:/Content/VS Projects/Nucleo/Orm/4.0/Tests.Unit.Orm/bin/Debug/Tests.Unit.Orm.DLL" adapterTypeName="Microsoft.VisualStudio.TestTools.TestTypes.Unit.UnitTestAdapter, Microsoft.VisualStudio.QualityTools.Tips.UnitTest.Adapter, Version=10.0.0.0, Culture=neutral, PublicKeyToken=b03f5f7f11d50a3a" className="Nucleo.Orm.Entities.ObjectEntitySetTest, Tests.Unit.Orm, Version=1.0.0.0, Culture=neutral, PublicKeyToken=null" name="LinqExpressionIsAccessible" />
    </UnitTest>
    <UnitTest name="CtorWithNullPointer2ThrowsException" storage="c:\content\vs projects\nucleo\orm\4.0\tests.unit.orm\bin\debug\tests.unit.orm.dll" id="1b55080b-afe6-89a0-b78b-630876ea7e12">
      <Execution id="a86530f9-b564-44d8-9045-7f73ec56ccf7" />
      <TestMethod codeBase="C:/Content/VS Projects/Nucleo/Orm/4.0/Tests.Unit.Orm/bin/Debug/Tests.Unit.Orm.DLL" adapterTypeName="Microsoft.VisualStudio.TestTools.TestTypes.Unit.UnitTestAdapter, Microsoft.VisualStudio.QualityTools.Tips.UnitTest.Adapter, Version=10.0.0.0, Culture=neutral, PublicKeyToken=b03f5f7f11d50a3a" className="Nucleo.Orm.InMemoryUnitOfWorkTest, Tests.Unit.Orm, Version=1.0.0.0, Culture=neutral, PublicKeyToken=null" name="CtorWithNullPointer2ThrowsException" />
    </UnitTest>
    <UnitTest name="LocatingNullUnitOfWorkThrowsException" storage="c:\content\vs projects\nucleo\orm\4.0\tests.unit.orm\bin\debug\tests.unit.orm.dll" id="e5217617-63fb-8fe0-b269-f86f1c5e5623">
      <Execution id="76dfa808-550c-43a3-85be-ced11806ee12" />
      <TestMethod codeBase="C:/Content/VS Projects/Nucleo/Orm/4.0/Tests.Unit.Orm/bin/Debug/Tests.Unit.Orm.DLL" adapterTypeName="Microsoft.VisualStudio.TestTools.TestTypes.Unit.UnitTestAdapter, Microsoft.VisualStudio.QualityTools.Tips.UnitTest.Adapter, Version=10.0.0.0, Culture=neutral, PublicKeyToken=b03f5f7f11d50a3a" className="Nucleo.Orm.UnitOfWorkManagerTest, Tests.Unit.Orm, Version=1.0.0.0, Culture=neutral, PublicKeyToken=null" name="LocatingNullUnitOfWorkThrowsException" />
    </UnitTest>
    <UnitTest name="QueuingInsertWithNullEntityThrowsException" storage="c:\content\vs projects\nucleo\orm\4.0\tests.unit.orm\bin\debug\tests.unit.orm.dll" id="bec18817-8d82-ccdb-b4ef-954d5362ad51">
      <Execution id="04ba7aa3-6d42-45de-bd48-7ea875d813a0" />
      <TestMethod codeBase="C:/Content/VS Projects/Nucleo/Orm/4.0/Tests.Unit.Orm/bin/Debug/Tests.Unit.Orm.DLL" adapterTypeName="Microsoft.VisualStudio.TestTools.TestTypes.Unit.UnitTestAdapter, Microsoft.VisualStudio.QualityTools.Tips.UnitTest.Adapter, Version=10.0.0.0, Culture=neutral, PublicKeyToken=b03f5f7f11d50a3a" className="Nucleo.Orm.Entities.Generic.ContextGenericUnitOfWorkTest, Tests.Unit.Orm, Version=1.0.0.0, Culture=neutral, PublicKeyToken=null" name="QueuingInsertWithNullEntityThrowsException" />
    </UnitTest>
    <UnitTest name="QueryingIQueryableWithNullLambdaThrowsException" storage="c:\content\vs projects\nucleo\orm\4.0\tests.unit.orm\bin\debug\tests.unit.orm.dll" id="792a0669-8c94-ce04-953a-c95835bfa4e8">
      <Execution id="c1ef7e68-6e75-4c09-9920-226f97edc0de" />
      <TestMethod codeBase="C:/Content/VS Projects/Nucleo/Orm/4.0/Tests.Unit.Orm/bin/Debug/Tests.Unit.Orm.DLL" adapterTypeName="Microsoft.VisualStudio.TestTools.TestTypes.Unit.UnitTestAdapter, Microsoft.VisualStudio.QualityTools.Tips.UnitTest.Adapter, Version=10.0.0.0, Culture=neutral, PublicKeyToken=b03f5f7f11d50a3a" className="Nucleo.Orm.Entities.Generic.ContextGenericUnitOfWorkTest, Tests.Unit.Orm, Version=1.0.0.0, Culture=neutral, PublicKeyToken=null" name="QueryingIQueryableWithNullLambdaThrowsException" />
    </UnitTest>
    <UnitTest name="ValidatingNoRulesReturnsEmptyValidationResult" storage="c:\content\vs projects\nucleo\orm\4.0\tests.unit.orm\bin\debug\tests.unit.orm.dll" id="756926f6-eb56-17c4-d99d-eec14ba66ac9">
      <Execution id="63f73a6d-6bd1-4a04-83ff-7dfe1cfcd8ca" />
      <TestMethod codeBase="C:/Content/VS Projects/Nucleo/Orm/4.0/Tests.Unit.Orm/bin/Debug/Tests.Unit.Orm.DLL" adapterTypeName="Microsoft.VisualStudio.TestTools.TestTypes.Unit.UnitTestAdapter, Microsoft.VisualStudio.QualityTools.Tips.UnitTest.Adapter, Version=10.0.0.0, Culture=neutral, PublicKeyToken=b03f5f7f11d50a3a" className="Nucleo.Orm.Validation.OrmValidatorTest, Tests.Unit.Orm, Version=1.0.0.0, Culture=neutral, PublicKeyToken=null" name="ValidatingNoRulesReturnsEmptyValidationResult" />
    </UnitTest>
    <UnitTest name="QueuingInsertWithNullInfoThrowsException" storage="c:\content\vs projects\nucleo\orm\4.0\tests.unit.orm\bin\debug\tests.unit.orm.dll" id="0988e72e-5cf9-2a1b-d198-b5c38be59d44">
      <Execution id="ae52c18c-a827-402d-acca-59873cf9e10b" />
      <TestMethod codeBase="C:/Content/VS Projects/Nucleo/Orm/4.0/Tests.Unit.Orm/bin/Debug/Tests.Unit.Orm.DLL" adapterTypeName="Microsoft.VisualStudio.TestTools.TestTypes.Unit.UnitTestAdapter, Microsoft.VisualStudio.QualityTools.Tips.UnitTest.Adapter, Version=10.0.0.0, Culture=neutral, PublicKeyToken=b03f5f7f11d50a3a" className="Nucleo.Orm.Entities.Generic.ContextGenericUnitOfWorkTest, Tests.Unit.Orm, Version=1.0.0.0, Culture=neutral, PublicKeyToken=null" name="QueuingInsertWithNullInfoThrowsException" />
    </UnitTest>
    <UnitTest name="CreatingWithNullSetThrowsException" storage="c:\content\vs projects\nucleo\orm\4.0\tests.unit.orm\bin\debug\tests.unit.orm.dll" id="8eb5e6a2-59e7-97f5-de8b-2026cef4dd0b">
      <Execution id="e99722e1-a993-4e14-ba99-ee3b7cab5e70" />
      <TestMethod codeBase="C:/Content/VS Projects/Nucleo/Orm/4.0/Tests.Unit.Orm/bin/Debug/Tests.Unit.Orm.DLL" adapterTypeName="Microsoft.VisualStudio.TestTools.TestTypes.Unit.UnitTestAdapter, Microsoft.VisualStudio.QualityTools.Tips.UnitTest.Adapter, Version=10.0.0.0, Culture=neutral, PublicKeyToken=b03f5f7f11d50a3a" className="Nucleo.Orm.Entities.DbSetUnitOfWorkTest, Tests.Unit.Orm, Version=1.0.0.0, Culture=neutral, PublicKeyToken=null" name="CreatingWithNullSetThrowsException" />
    </UnitTest>
    <UnitTest name="CreatingWithNullTableThrowsException" storage="c:\content\vs projects\nucleo\orm\4.0\tests.unit.orm\bin\debug\tests.unit.orm.dll" id="c5d4ff3a-a82c-38c1-a4e4-f21e2371f342">
      <Execution id="181cf7ca-775d-417f-9298-783428a3889f" />
      <TestMethod codeBase="C:/Content/VS Projects/Nucleo/Orm/4.0/Tests.Unit.Orm/bin/Debug/Tests.Unit.Orm.DLL" adapterTypeName="Microsoft.VisualStudio.TestTools.TestTypes.Unit.UnitTestAdapter, Microsoft.VisualStudio.QualityTools.Tips.UnitTest.Adapter, Version=10.0.0.0, Culture=neutral, PublicKeyToken=b03f5f7f11d50a3a" className="Nucleo.Orm.DataClasses.Queries.TableQuerySourceTest, Tests.Unit.Orm, Version=1.0.0.0, Culture=neutral, PublicKeyToken=null" name="CreatingWithNullTableThrowsException" />
    </UnitTest>
    <UnitTest name="QueuingDeleteAddsToChangeList" storage="c:\content\vs projects\nucleo\orm\4.0\tests.unit.orm\bin\debug\tests.unit.orm.dll" id="67941f38-6d11-8a54-c930-f473133e8fdf">
      <Execution id="f6c86ffe-2c59-4b01-ae58-e3eb0f87e568" />
      <TestMethod codeBase="C:/Content/VS Projects/Nucleo/Orm/4.0/Tests.Unit.Orm/bin/Debug/Tests.Unit.Orm.DLL" adapterTypeName="Microsoft.VisualStudio.TestTools.TestTypes.Unit.UnitTestAdapter, Microsoft.VisualStudio.QualityTools.Tips.UnitTest.Adapter, Version=10.0.0.0, Culture=neutral, PublicKeyToken=b03f5f7f11d50a3a" className="Nucleo.Orm.InMemoryUnitOfWorkTest, Tests.Unit.Orm, Version=1.0.0.0, Culture=neutral, PublicKeyToken=null" name="QueuingDeleteAddsToChangeList" />
    </UnitTest>
    <UnitTest name="QueuingDeleteCallsOnSubmit" storage="c:\content\vs projects\nucleo\orm\4.0\tests.unit.orm\bin\debug\tests.unit.orm.dll" id="cf8739a2-fd07-96cd-50a8-0d03a9c947e6">
      <Execution id="94602682-5999-43c7-b154-df05d21b4900" />
      <TestMethod codeBase="C:/Content/VS Projects/Nucleo/Orm/4.0/Tests.Unit.Orm/bin/Debug/Tests.Unit.Orm.DLL" adapterTypeName="Microsoft.VisualStudio.TestTools.TestTypes.Unit.UnitTestAdapter, Microsoft.VisualStudio.QualityTools.Tips.UnitTest.Adapter, Version=10.0.0.0, Culture=neutral, PublicKeyToken=b03f5f7f11d50a3a" className="Nucleo.Orm.DataClasses.TableEntityUnitOfWorkTest, Tests.Unit.Orm, Version=1.0.0.0, Culture=neutral, PublicKeyToken=null" name="QueuingDeleteCallsOnSubmit" />
    </UnitTest>
    <UnitTest name="ValidatingEmptyRulesReturnsEmptyValidationResult" storage="c:\content\vs projects\nucleo\orm\4.0\tests.unit.orm\bin\debug\tests.unit.orm.dll" id="e14169b4-f90e-570f-6aa4-0bbc02fbe685">
      <Execution id="2ca45afa-4cbd-4b83-b249-8494a49b807d" />
      <TestMethod codeBase="C:/Content/VS Projects/Nucleo/Orm/4.0/Tests.Unit.Orm/bin/Debug/Tests.Unit.Orm.DLL" adapterTypeName="Microsoft.VisualStudio.TestTools.TestTypes.Unit.UnitTestAdapter, Microsoft.VisualStudio.QualityTools.Tips.UnitTest.Adapter, Version=10.0.0.0, Culture=neutral, PublicKeyToken=b03f5f7f11d50a3a" className="Nucleo.Orm.Validation.OrmValidatorTest, Tests.Unit.Orm, Version=1.0.0.0, Culture=neutral, PublicKeyToken=null" name="ValidatingEmptyRulesReturnsEmptyValidationResult" />
    </UnitTest>
    <UnitTest name="QueuingInsertWithNullObjectThrowsException" storage="c:\content\vs projects\nucleo\orm\4.0\tests.unit.orm\bin\debug\tests.unit.orm.dll" id="c698b70a-0666-4226-4b97-8d0d5e83a00f">
      <Execution id="2cada924-88b6-46bd-af02-5df7f2f9eb82" />
      <TestMethod codeBase="C:/Content/VS Projects/Nucleo/Orm/4.0/Tests.Unit.Orm/bin/Debug/Tests.Unit.Orm.DLL" adapterTypeName="Microsoft.VisualStudio.TestTools.TestTypes.Unit.UnitTestAdapter, Microsoft.VisualStudio.QualityTools.Tips.UnitTest.Adapter, Version=10.0.0.0, Culture=neutral, PublicKeyToken=b03f5f7f11d50a3a" className="Nucleo.Orm.Entities.ObjectSetEntityUnitOfWorkTest, Tests.Unit.Orm, Version=1.0.0.0, Culture=neutral, PublicKeyToken=null" name="QueuingInsertWithNullObjectThrowsException" />
    </UnitTest>
    <UnitTest name="CreatingWithNullUnitOfWorkReturnsNull" storage="c:\content\vs projects\nucleo\orm\4.0\tests.unit.orm\bin\debug\tests.unit.orm.dll" id="31a7c6fa-310d-7b58-606c-ea226e9d933a">
      <Execution id="fce8d6a1-2f63-4780-990c-a58b1bc8db3c" />
      <TestMethod codeBase="C:/Content/VS Projects/Nucleo/Orm/4.0/Tests.Unit.Orm/bin/Debug/Tests.Unit.Orm.DLL" adapterTypeName="Microsoft.VisualStudio.TestTools.TestTypes.Unit.UnitTestAdapter, Microsoft.VisualStudio.QualityTools.Tips.UnitTest.Adapter, Version=10.0.0.0, Culture=neutral, PublicKeyToken=b03f5f7f11d50a3a" className="Nucleo.Orm.Discovery.ConfigurationUnitOfWorkDiscoveryStrategyTest, Tests.Unit.Orm, Version=1.0.0.0, Culture=neutral, PublicKeyToken=null" name="CreatingWithNullUnitOfWorkReturnsNull" />
    </UnitTest>
    <UnitTest name="CreatingWithInvalidRegistrationTypeReturnsNull" storage="c:\content\vs projects\nucleo\orm\4.0\tests.unit.orm\bin\debug\tests.unit.orm.dll" id="dc686c0c-a3bc-ee0c-f37b-d570d864e84f">
      <Execution id="2beaba2c-cdb4-4ca4-8f24-63947e6734f0" />
      <TestMethod codeBase="C:/Content/VS Projects/Nucleo/Orm/4.0/Tests.Unit.Orm/bin/Debug/Tests.Unit.Orm.DLL" adapterTypeName="Microsoft.VisualStudio.TestTools.TestTypes.Unit.UnitTestAdapter, Microsoft.VisualStudio.QualityTools.Tips.UnitTest.Adapter, Version=10.0.0.0, Culture=neutral, PublicKeyToken=b03f5f7f11d50a3a" className="Nucleo.Orm.Discovery.ConfigurationUnitOfWorkDiscoveryStrategyTest, Tests.Unit.Orm, Version=1.0.0.0, Culture=neutral, PublicKeyToken=null" name="CreatingWithInvalidRegistrationTypeReturnsNull" />
    </UnitTest>
    <UnitTest name="CreatingWithNullContextThrowsException" storage="c:\content\vs projects\nucleo\orm\4.0\tests.unit.orm\bin\debug\tests.unit.orm.dll" id="cc018af1-cc80-56a7-4101-95e4838d4667">
      <Execution id="10593f9c-5fac-4f11-9cd8-94dc1fac4806" />
      <TestMethod codeBase="C:/Content/VS Projects/Nucleo/Orm/4.0/Tests.Unit.Orm/bin/Debug/Tests.Unit.Orm.DLL" adapterTypeName="Microsoft.VisualStudio.TestTools.TestTypes.Unit.UnitTestAdapter, Microsoft.VisualStudio.QualityTools.Tips.UnitTest.Adapter, Version=10.0.0.0, Culture=neutral, PublicKeyToken=b03f5f7f11d50a3a" className="Nucleo.Orm.Entities.DbSetUnitOfWorkTest, Tests.Unit.Orm, Version=1.0.0.0, Culture=neutral, PublicKeyToken=null" name="CreatingWithNullContextThrowsException" />
    </UnitTest>
    <UnitTest name="QueuingUpdateDoesNothing" storage="c:\content\vs projects\nucleo\orm\4.0\tests.unit.orm\bin\debug\tests.unit.orm.dll" id="f14445b8-e8cd-916f-7aeb-f4b2734a6d22">
      <Execution id="f5c316ed-7310-4b83-aac9-a79dac09c2cb" />
      <TestMethod codeBase="C:/Content/VS Projects/Nucleo/Orm/4.0/Tests.Unit.Orm/bin/Debug/Tests.Unit.Orm.DLL" adapterTypeName="Microsoft.VisualStudio.TestTools.TestTypes.Unit.UnitTestAdapter, Microsoft.VisualStudio.QualityTools.Tips.UnitTest.Adapter, Version=10.0.0.0, Culture=neutral, PublicKeyToken=b03f5f7f11d50a3a" className="Nucleo.Orm.Entities.ObjectSetEntityUnitOfWorkTest, Tests.Unit.Orm, Version=1.0.0.0, Culture=neutral, PublicKeyToken=null" name="QueuingUpdateDoesNothing" />
    </UnitTest>
    <UnitTest name="SavingChangesCallsOnContext" storage="c:\content\vs projects\nucleo\orm\4.0\tests.unit.orm\bin\debug\tests.unit.orm.dll" id="f4564b45-9959-b643-af2a-722b08b6d1ea">
      <Execution id="f6fa22be-a1a2-40ec-93e7-5b0991dd3eea" />
      <TestMethod codeBase="C:/Content/VS Projects/Nucleo/Orm/4.0/Tests.Unit.Orm/bin/Debug/Tests.Unit.Orm.DLL" adapterTypeName="Microsoft.VisualStudio.TestTools.TestTypes.Unit.UnitTestAdapter, Microsoft.VisualStudio.QualityTools.Tips.UnitTest.Adapter, Version=10.0.0.0, Culture=neutral, PublicKeyToken=b03f5f7f11d50a3a" className="Nucleo.Orm.DataClasses.TableEntityUnitOfWorkTest, Tests.Unit.Orm, Version=1.0.0.0, Culture=neutral, PublicKeyToken=null" name="SavingChangesCallsOnContext" />
    </UnitTest>
    <UnitTest name="QueuingInsertCallsOnSubmit" storage="c:\content\vs projects\nucleo\orm\4.0\tests.unit.orm\bin\debug\tests.unit.orm.dll" id="b337a07e-e652-61f1-70b4-3b77f441fff1">
      <Execution id="c27e6215-e7ca-4d38-9f4b-0cf6c948c410" />
      <TestMethod codeBase="C:/Content/VS Projects/Nucleo/Orm/4.0/Tests.Unit.Orm/bin/Debug/Tests.Unit.Orm.DLL" adapterTypeName="Microsoft.VisualStudio.TestTools.TestTypes.Unit.UnitTestAdapter, Microsoft.VisualStudio.QualityTools.Tips.UnitTest.Adapter, Version=10.0.0.0, Culture=neutral, PublicKeyToken=b03f5f7f11d50a3a" className="Nucleo.Orm.DataClasses.TableEntityUnitOfWorkTest, Tests.Unit.Orm, Version=1.0.0.0, Culture=neutral, PublicKeyToken=null" name="QueuingInsertCallsOnSubmit" />
    </UnitTest>
    <UnitTest name="AddingResultAddsToList" storage="c:\content\vs projects\nucleo\orm\4.0\tests.unit.orm\bin\debug\tests.unit.orm.dll" id="08664284-0bed-da38-ca74-f6848f5bd832">
      <Execution id="4e85e234-c6b1-44c6-a043-f39c06ef813c" />
      <TestMethod codeBase="C:/Content/VS Projects/Nucleo/Orm/4.0/Tests.Unit.Orm/bin/Debug/Tests.Unit.Orm.DLL" adapterTypeName="Microsoft.VisualStudio.TestTools.TestTypes.Unit.UnitTestAdapter, Microsoft.VisualStudio.QualityTools.Tips.UnitTest.Adapter, Version=10.0.0.0, Culture=neutral, PublicKeyToken=b03f5f7f11d50a3a" className="Nucleo.Orm.Validation.ValidationResultsTest, Tests.Unit.Orm, Version=1.0.0.0, Culture=neutral, PublicKeyToken=null" name="AddingResultAddsToList" />
    </UnitTest>
    <UnitTest name="ValidatingWithRulesReturnsSuccessResult" storage="c:\content\vs projects\nucleo\orm\4.0\tests.unit.orm\bin\debug\tests.unit.orm.dll" id="73dc24d9-be26-b700-200a-2c3022d769b9">
      <Execution id="70276587-5255-4674-825d-a295c7bd92b1" />
      <TestMethod codeBase="C:/Content/VS Projects/Nucleo/Orm/4.0/Tests.Unit.Orm/bin/Debug/Tests.Unit.Orm.DLL" adapterTypeName="Microsoft.VisualStudio.TestTools.TestTypes.Unit.UnitTestAdapter, Microsoft.VisualStudio.QualityTools.Tips.UnitTest.Adapter, Version=10.0.0.0, Culture=neutral, PublicKeyToken=b03f5f7f11d50a3a" className="Nucleo.Orm.Validation.OrmValidatorTest, Tests.Unit.Orm, Version=1.0.0.0, Culture=neutral, PublicKeyToken=null" name="ValidatingWithRulesReturnsSuccessResult" />
    </UnitTest>
    <UnitTest name="GettingContainerFromContextWorksOK" storage="c:\content\vs projects\nucleo\orm\4.0\tests.unit.orm\bin\debug\tests.unit.orm.dll" id="5b7278ff-34f1-13ae-db5c-4f491aecccf4">
      <Execution id="f5808d6c-c030-45b2-a554-b4b257a16041" />
      <TestMethod codeBase="C:/Content/VS Projects/Nucleo/Orm/4.0/Tests.Unit.Orm/bin/Debug/Tests.Unit.Orm.DLL" adapterTypeName="Microsoft.VisualStudio.TestTools.TestTypes.Unit.UnitTestAdapter, Microsoft.VisualStudio.QualityTools.Tips.UnitTest.Adapter, Version=10.0.0.0, Culture=neutral, PublicKeyToken=b03f5f7f11d50a3a" className="Nucleo.Orm.DataClasses.Queries.TableQuerySourceTest, Tests.Unit.Orm, Version=1.0.0.0, Culture=neutral, PublicKeyToken=null" name="GettingContainerFromContextWorksOK" />
    </UnitTest>
    <UnitTest name="QueuingDeleteWithNullEntityThrowsException" storage="c:\content\vs projects\nucleo\orm\4.0\tests.unit.orm\bin\debug\tests.unit.orm.dll" id="3d763210-fe30-91d7-eba9-2a53978664c2">
      <Execution id="c7d272d5-d85e-4808-9aed-4e7cc5195046" />
      <TestMethod codeBase="C:/Content/VS Projects/Nucleo/Orm/4.0/Tests.Unit.Orm/bin/Debug/Tests.Unit.Orm.DLL" adapterTypeName="Microsoft.VisualStudio.TestTools.TestTypes.Unit.UnitTestAdapter, Microsoft.VisualStudio.QualityTools.Tips.UnitTest.Adapter, Version=10.0.0.0, Culture=neutral, PublicKeyToken=b03f5f7f11d50a3a" className="Nucleo.Orm.Entities.Generic.ContextGenericUnitOfWorkTest, Tests.Unit.Orm, Version=1.0.0.0, Culture=neutral, PublicKeyToken=null" name="QueuingDeleteWithNullEntityThrowsException" />
    </UnitTest>
    <UnitTest name="QueueingNullDeleteThrowsException" storage="c:\content\vs projects\nucleo\orm\4.0\tests.unit.orm\bin\debug\tests.unit.orm.dll" id="b6587421-35c5-5c0a-4617-8a4fa0ccb140">
      <Execution id="79ceccb8-bc28-4150-bda1-4031cd964b83" />
      <TestMethod codeBase="C:/Content/VS Projects/Nucleo/Orm/4.0/Tests.Unit.Orm/bin/Debug/Tests.Unit.Orm.DLL" adapterTypeName="Microsoft.VisualStudio.TestTools.TestTypes.Unit.UnitTestAdapter, Microsoft.VisualStudio.QualityTools.Tips.UnitTest.Adapter, Version=10.0.0.0, Culture=neutral, PublicKeyToken=b03f5f7f11d50a3a" className="Nucleo.Orm.InMemoryUnitOfWorkTest, Tests.Unit.Orm, Version=1.0.0.0, Culture=neutral, PublicKeyToken=null" name="QueueingNullDeleteThrowsException" />
    </UnitTest>
    <UnitTest name="CreatingWithNullEntityThrowsException" storage="c:\content\vs projects\nucleo\orm\4.0\tests.unit.orm\bin\debug\tests.unit.orm.dll" id="be1ba553-4de3-91b1-38e2-fea1af623de6">
      <Execution id="f809d7e1-d484-4a00-ba4f-1a6161cfeea8" />
      <TestMethod codeBase="C:/Content/VS Projects/Nucleo/Orm/4.0/Tests.Unit.Orm/bin/Debug/Tests.Unit.Orm.DLL" adapterTypeName="Microsoft.VisualStudio.TestTools.TestTypes.Unit.UnitTestAdapter, Microsoft.VisualStudio.QualityTools.Tips.UnitTest.Adapter, Version=10.0.0.0, Culture=neutral, PublicKeyToken=b03f5f7f11d50a3a" className="Nucleo.Orm.Validation.ValidationResultsTest, Tests.Unit.Orm, Version=1.0.0.0, Culture=neutral, PublicKeyToken=null" name="CreatingWithNullEntityThrowsException" />
    </UnitTest>
    <UnitTest name="SettingUpWorksOK" storage="c:\content\vs projects\nucleo\orm\4.0\tests.unit.orm\bin\debug\tests.unit.orm.dll" id="38a35ee8-686f-6f0d-1e45-da7a20977626">
      <Execution id="5ee76616-a8a8-4da8-b756-c7f1a19955fa" />
      <TestMethod codeBase="C:/Content/VS Projects/Nucleo/Orm/4.0/Tests.Unit.Orm/bin/Debug/Tests.Unit.Orm.DLL" adapterTypeName="Microsoft.VisualStudio.TestTools.TestTypes.Unit.UnitTestAdapter, Microsoft.VisualStudio.QualityTools.Tips.UnitTest.Adapter, Version=10.0.0.0, Culture=neutral, PublicKeyToken=b03f5f7f11d50a3a" className="Nucleo.Orm.Validation.StaticValidationRuleTest, Tests.Unit.Orm, Version=1.0.0.0, Culture=neutral, PublicKeyToken=null" name="SettingUpWorksOK" />
    </UnitTest>
    <UnitTest name="QueueingNullUpdateThrowsException" storage="c:\content\vs projects\nucleo\orm\4.0\tests.unit.orm\bin\debug\tests.unit.orm.dll" id="682e284c-0e95-b582-e3cd-022e8aeabd1f">
      <Execution id="373274a7-a07e-43c0-b4c7-e9bcc0aa9240" />
      <TestMethod codeBase="C:/Content/VS Projects/Nucleo/Orm/4.0/Tests.Unit.Orm/bin/Debug/Tests.Unit.Orm.DLL" adapterTypeName="Microsoft.VisualStudio.TestTools.TestTypes.Unit.UnitTestAdapter, Microsoft.VisualStudio.QualityTools.Tips.UnitTest.Adapter, Version=10.0.0.0, Culture=neutral, PublicKeyToken=b03f5f7f11d50a3a" className="Nucleo.Orm.InMemoryUnitOfWorkTest, Tests.Unit.Orm, Version=1.0.0.0, Culture=neutral, PublicKeyToken=null" name="QueueingNullUpdateThrowsException" />
    </UnitTest>
    <UnitTest name="GettingByKeyReturnsObject" storage="c:\content\vs projects\nucleo\orm\4.0\tests.unit.orm\bin\debug\tests.unit.orm.dll" id="1aaa83c2-d553-3cb3-7211-c00fa27df80c">
      <Execution id="091b4f11-e167-493a-a721-17c898b9b66e" />
      <TestMethod codeBase="C:/Content/VS Projects/Nucleo/Orm/4.0/Tests.Unit.Orm/bin/Debug/Tests.Unit.Orm.DLL" adapterTypeName="Microsoft.VisualStudio.TestTools.TestTypes.Unit.UnitTestAdapter, Microsoft.VisualStudio.QualityTools.Tips.UnitTest.Adapter, Version=10.0.0.0, Culture=neutral, PublicKeyToken=b03f5f7f11d50a3a" className="Nucleo.Orm.Entities.ObjectSetEntityUnitOfWorkTest, Tests.Unit.Orm, Version=1.0.0.0, Culture=neutral, PublicKeyToken=null" name="GettingByKeyReturnsObject" />
    </UnitTest>
    <UnitTest name="FiringActionWorksOK" storage="c:\content\vs projects\nucleo\orm\4.0\tests.unit.orm\bin\debug\tests.unit.orm.dll" id="d6ebf0c6-5531-08fd-95e7-43e602f649ed">
      <Execution id="e1b39201-d6bf-43d1-9cc1-fc3e03ec358e" />
      <TestMethod codeBase="C:/Content/VS Projects/Nucleo/Orm/4.0/Tests.Unit.Orm/bin/Debug/Tests.Unit.Orm.DLL" adapterTypeName="Microsoft.VisualStudio.TestTools.TestTypes.Unit.UnitTestAdapter, Microsoft.VisualStudio.QualityTools.Tips.UnitTest.Adapter, Version=10.0.0.0, Culture=neutral, PublicKeyToken=b03f5f7f11d50a3a" className="Nucleo.Orm.Triggers.ActionTriggerTest, Tests.Unit.Orm, Version=1.0.0.0, Culture=neutral, PublicKeyToken=null" name="FiringActionWorksOK" />
    </UnitTest>
    <UnitTest name="AddingErrorResultSetsIsErrorFlag" storage="c:\content\vs projects\nucleo\orm\4.0\tests.unit.orm\bin\debug\tests.unit.orm.dll" id="ebb9acfa-f8fe-53cc-15b4-a60c3c39566e">
      <Execution id="9f10713c-8808-473f-b6c0-1f7c15b64853" />
      <TestMethod codeBase="C:/Content/VS Projects/Nucleo/Orm/4.0/Tests.Unit.Orm/bin/Debug/Tests.Unit.Orm.DLL" adapterTypeName="Microsoft.VisualStudio.TestTools.TestTypes.Unit.UnitTestAdapter, Microsoft.VisualStudio.QualityTools.Tips.UnitTest.Adapter, Version=10.0.0.0, Culture=neutral, PublicKeyToken=b03f5f7f11d50a3a" className="Nucleo.Orm.Validation.ValidationResultsTest, Tests.Unit.Orm, Version=1.0.0.0, Culture=neutral, PublicKeyToken=null" name="AddingErrorResultSetsIsErrorFlag" />
    </UnitTest>
    <UnitTest name="QueueingNullInsertThrowsException" storage="c:\content\vs projects\nucleo\orm\4.0\tests.unit.orm\bin\debug\tests.unit.orm.dll" id="f975b55f-115f-a2ca-6e26-1adff96a3233">
      <Execution id="5ed227a2-b378-49b4-a4d2-70c723bbdc3b" />
      <TestMethod codeBase="C:/Content/VS Projects/Nucleo/Orm/4.0/Tests.Unit.Orm/bin/Debug/Tests.Unit.Orm.DLL" adapterTypeName="Microsoft.VisualStudio.TestTools.TestTypes.Unit.UnitTestAdapter, Microsoft.VisualStudio.QualityTools.Tips.UnitTest.Adapter, Version=10.0.0.0, Culture=neutral, PublicKeyToken=b03f5f7f11d50a3a" className="Nucleo.Orm.InMemoryUnitOfWorkTest, Tests.Unit.Orm, Version=1.0.0.0, Culture=neutral, PublicKeyToken=null" name="QueueingNullInsertThrowsException" />
    </UnitTest>
    <UnitTest name="CreatingEntitySetCreatesOK" storage="c:\content\vs projects\nucleo\orm\4.0\tests.unit.orm\bin\debug\tests.unit.orm.dll" id="9b1eb08d-c64d-2aaa-bf7a-f4549391fa2f">
      <Execution id="559f5b91-310d-4a3a-a590-424df749d640" />
      <TestMethod codeBase="C:/Content/VS Projects/Nucleo/Orm/4.0/Tests.Unit.Orm/bin/Debug/Tests.Unit.Orm.DLL" adapterTypeName="Microsoft.VisualStudio.TestTools.TestTypes.Unit.UnitTestAdapter, Microsoft.VisualStudio.QualityTools.Tips.UnitTest.Adapter, Version=10.0.0.0, Culture=neutral, PublicKeyToken=b03f5f7f11d50a3a" className="Nucleo.Orm.Entities.ObjectEntitySetTest, Tests.Unit.Orm, Version=1.0.0.0, Culture=neutral, PublicKeyToken=null" name="CreatingEntitySetCreatesOK" />
    </UnitTest>
    <UnitTest name="GettingByNullEntityKeyThrowsException" storage="c:\content\vs projects\nucleo\orm\4.0\tests.unit.orm\bin\debug\tests.unit.orm.dll" id="da70f6ec-f23f-09f8-b3df-cf296cf4b626">
      <Execution id="547eafbf-c9ae-4370-847e-5cc8eded343b" />
      <TestMethod codeBase="C:/Content/VS Projects/Nucleo/Orm/4.0/Tests.Unit.Orm/bin/Debug/Tests.Unit.Orm.DLL" adapterTypeName="Microsoft.VisualStudio.TestTools.TestTypes.Unit.UnitTestAdapter, Microsoft.VisualStudio.QualityTools.Tips.UnitTest.Adapter, Version=10.0.0.0, Culture=neutral, PublicKeyToken=b03f5f7f11d50a3a" className="Nucleo.Orm.Entities.ObjectSetEntityUnitOfWorkTest, Tests.Unit.Orm, Version=1.0.0.0, Culture=neutral, PublicKeyToken=null" name="GettingByNullEntityKeyThrowsException" />
    </UnitTest>
    <UnitTest name="SavingChangesSavesToContext" storage="c:\content\vs projects\nucleo\orm\4.0\tests.unit.orm\bin\debug\tests.unit.orm.dll" id="78ea2635-d426-4747-d89c-71d7ec06981f">
      <Execution id="79b1c457-c697-4e4e-89b7-812bb92f6766" />
      <TestMethod codeBase="C:/Content/VS Projects/Nucleo/Orm/4.0/Tests.Unit.Orm/bin/Debug/Tests.Unit.Orm.DLL" adapterTypeName="Microsoft.VisualStudio.TestTools.TestTypes.Unit.UnitTestAdapter, Microsoft.VisualStudio.QualityTools.Tips.UnitTest.Adapter, Version=10.0.0.0, Culture=neutral, PublicKeyToken=b03f5f7f11d50a3a" className="Nucleo.Orm.Entities.Generic.ContextGenericUnitOfWorkTest, Tests.Unit.Orm, Version=1.0.0.0, Culture=neutral, PublicKeyToken=null" name="SavingChangesSavesToContext" />
    </UnitTest>
    <UnitTest name="QueuingInsertAddsToObjectSet" storage="c:\content\vs projects\nucleo\orm\4.0\tests.unit.orm\bin\debug\tests.unit.orm.dll" id="e41eb29c-c451-088a-3f75-2f5e5fb6b089">
      <Execution id="77b53ef1-8791-4d25-ad24-40cffd9275d2" />
      <TestMethod codeBase="C:/Content/VS Projects/Nucleo/Orm/4.0/Tests.Unit.Orm/bin/Debug/Tests.Unit.Orm.DLL" adapterTypeName="Microsoft.VisualStudio.TestTools.TestTypes.Unit.UnitTestAdapter, Microsoft.VisualStudio.QualityTools.Tips.UnitTest.Adapter, Version=10.0.0.0, Culture=neutral, PublicKeyToken=b03f5f7f11d50a3a" className="Nucleo.Orm.Entities.ObjectSetEntityUnitOfWorkTest, Tests.Unit.Orm, Version=1.0.0.0, Culture=neutral, PublicKeyToken=null" name="QueuingInsertAddsToObjectSet" />
    </UnitTest>
    <UnitTest name="QueuingUpdateAddsToChangeList" storage="c:\content\vs projects\nucleo\orm\4.0\tests.unit.orm\bin\debug\tests.unit.orm.dll" id="3412c098-5685-c08e-29d7-3b882a2a0fd5">
      <Execution id="c6012f54-3873-43db-9551-238e5106a790" />
      <TestMethod codeBase="C:/Content/VS Projects/Nucleo/Orm/4.0/Tests.Unit.Orm/bin/Debug/Tests.Unit.Orm.DLL" adapterTypeName="Microsoft.VisualStudio.TestTools.TestTypes.Unit.UnitTestAdapter, Microsoft.VisualStudio.QualityTools.Tips.UnitTest.Adapter, Version=10.0.0.0, Culture=neutral, PublicKeyToken=b03f5f7f11d50a3a" className="Nucleo.Orm.InMemoryUnitOfWorkTest, Tests.Unit.Orm, Version=1.0.0.0, Culture=neutral, PublicKeyToken=null" name="QueuingUpdateAddsToChangeList" />
    </UnitTest>
    <UnitTest name="CreatingFromConfigWhenConfigDoesntExistThrowsException" storage="c:\content\vs projects\nucleo\orm\4.0\tests.unit.orm\bin\debug\tests.unit.orm.dll" id="d1d48adf-cf30-0a1b-0fc4-71787e8d5c9e">
      <Execution id="0fca1d55-7c42-4fe0-ba29-f89f2194a4ca" />
      <TestMethod codeBase="C:/Content/VS Projects/Nucleo/Orm/4.0/Tests.Unit.Orm/bin/Debug/Tests.Unit.Orm.DLL" adapterTypeName="Microsoft.VisualStudio.TestTools.TestTypes.Unit.UnitTestAdapter, Microsoft.VisualStudio.QualityTools.Tips.UnitTest.Adapter, Version=10.0.0.0, Culture=neutral, PublicKeyToken=b03f5f7f11d50a3a" className="Nucleo.Orm.UnitOfWorkManagerTest, Tests.Unit.Orm, Version=1.0.0.0, Culture=neutral, PublicKeyToken=null" name="CreatingFromConfigWhenConfigDoesntExistThrowsException" />
    </UnitTest>
    <UnitTest name="CreatingWithTableWorksOK" storage="c:\content\vs projects\nucleo\orm\4.0\tests.unit.orm\bin\debug\tests.unit.orm.dll" id="6038f5ef-1b64-cd44-2af9-1bdf3444bfa9">
      <Execution id="089c7c83-86dd-44f9-85ee-b23dd3e35a52" />
      <TestMethod codeBase="C:/Content/VS Projects/Nucleo/Orm/4.0/Tests.Unit.Orm/bin/Debug/Tests.Unit.Orm.DLL" adapterTypeName="Microsoft.VisualStudio.TestTools.TestTypes.Unit.UnitTestAdapter, Microsoft.VisualStudio.QualityTools.Tips.UnitTest.Adapter, Version=10.0.0.0, Culture=neutral, PublicKeyToken=b03f5f7f11d50a3a" className="Nucleo.Orm.DataClasses.Legacy.TableUnitOfWorkTest, Tests.Unit.Orm, Version=1.0.0.0, Culture=neutral, PublicKeyToken=null" name="CreatingWithTableWorksOK" />
    </UnitTest>
    <UnitTest name="CreatingUnitOfWorkAssignsOK" storage="c:\content\vs projects\nucleo\orm\4.0\tests.unit.orm\bin\debug\tests.unit.orm.dll" id="df455156-8cb1-8e84-fa6b-41a433f6420f">
      <Execution id="3cda3612-ea4a-4de2-a07c-0cbfd0b4c5d0" />
      <TestMethod codeBase="C:/Content/VS Projects/Nucleo/Orm/4.0/Tests.Unit.Orm/bin/Debug/Tests.Unit.Orm.DLL" adapterTypeName="Microsoft.VisualStudio.TestTools.TestTypes.Unit.UnitTestAdapter, Microsoft.VisualStudio.QualityTools.Tips.UnitTest.Adapter, Version=10.0.0.0, Culture=neutral, PublicKeyToken=b03f5f7f11d50a3a" className="Nucleo.Orm.DataClasses.TableEntityUnitOfWorkTest, Tests.Unit.Orm, Version=1.0.0.0, Culture=neutral, PublicKeyToken=null" name="CreatingUnitOfWorkAssignsOK" />
    </UnitTest>
    <UnitTest name="CreatingEntitySetWorksOK" storage="c:\content\vs projects\nucleo\orm\4.0\tests.unit.orm\bin\debug\tests.unit.orm.dll" id="74c51790-40ef-1434-f736-6ae25646b3f6">
      <Execution id="4c7fab31-30df-474f-b176-4e1c8e7f09f2" />
      <TestMethod codeBase="C:/Content/VS Projects/Nucleo/Orm/4.0/Tests.Unit.Orm/bin/Debug/Tests.Unit.Orm.DLL" adapterTypeName="Microsoft.VisualStudio.TestTools.TestTypes.Unit.UnitTestAdapter, Microsoft.VisualStudio.QualityTools.Tips.UnitTest.Adapter, Version=10.0.0.0, Culture=neutral, PublicKeyToken=b03f5f7f11d50a3a" className="Nucleo.Orm.Entities.Legacy.ObjectSetUnitOfWorkTest, Tests.Unit.Orm, Version=1.0.0.0, Culture=neutral, PublicKeyToken=null" name="CreatingEntitySetWorksOK" />
    </UnitTest>
    <UnitTest name="ContextIsRetrievedFromTable" storage="c:\content\vs projects\nucleo\orm\4.0\tests.unit.orm\bin\debug\tests.unit.orm.dll" id="e1419735-0a7c-a343-7b6a-6b03d31f7385">
      <Execution id="e981dfe0-5794-4283-9769-14b35c16f33b" />
      <TestMethod codeBase="C:/Content/VS Projects/Nucleo/Orm/4.0/Tests.Unit.Orm/bin/Debug/Tests.Unit.Orm.DLL" adapterTypeName="Microsoft.VisualStudio.TestTools.TestTypes.Unit.UnitTestAdapter, Microsoft.VisualStudio.QualityTools.Tips.UnitTest.Adapter, Version=10.0.0.0, Culture=neutral, PublicKeyToken=b03f5f7f11d50a3a" className="Nucleo.Orm.DataClasses.Legacy.TableUnitOfWorkTest, Tests.Unit.Orm, Version=1.0.0.0, Culture=neutral, PublicKeyToken=null" name="ContextIsRetrievedFromTable" />
    </UnitTest>
    <UnitTest name="GettingAndSettingPropsWorksOK" storage="c:\content\vs projects\nucleo\orm\4.0\tests.unit.orm\bin\debug\tests.unit.orm.dll" id="5fd0960a-c4bb-abe8-0208-be811544244b">
      <Execution id="6d6c533e-bc02-4622-86f6-49272e59ab1b" />
      <TestMethod codeBase="C:/Content/VS Projects/Nucleo/Orm/4.0/Tests.Unit.Orm/bin/Debug/Tests.Unit.Orm.DLL" adapterTypeName="Microsoft.VisualStudio.TestTools.TestTypes.Unit.UnitTestAdapter, Microsoft.VisualStudio.QualityTools.Tips.UnitTest.Adapter, Version=10.0.0.0, Culture=neutral, PublicKeyToken=b03f5f7f11d50a3a" className="Nucleo.Orm.Discovery.UnitOfWorkDiscoveryOptionsTest, Tests.Unit.Orm, Version=1.0.0.0, Culture=neutral, PublicKeyToken=null" name="GettingAndSettingPropsWorksOK" />
    </UnitTest>
    <UnitTest name="GettingByInvalidKeyReturnsNull" storage="c:\content\vs projects\nucleo\orm\4.0\tests.unit.orm\bin\debug\tests.unit.orm.dll" id="1c401467-8168-5e0b-24aa-a1d6fcdabd19">
      <Execution id="cee9c348-f061-429f-b026-21b43e58eb79" />
      <TestMethod codeBase="C:/Content/VS Projects/Nucleo/Orm/4.0/Tests.Unit.Orm/bin/Debug/Tests.Unit.Orm.DLL" adapterTypeName="Microsoft.VisualStudio.TestTools.TestTypes.Unit.UnitTestAdapter, Microsoft.VisualStudio.QualityTools.Tips.UnitTest.Adapter, Version=10.0.0.0, Culture=neutral, PublicKeyToken=b03f5f7f11d50a3a" className="Nucleo.Orm.Entities.ObjectSetEntityUnitOfWorkTest, Tests.Unit.Orm, Version=1.0.0.0, Culture=neutral, PublicKeyToken=null" name="GettingByInvalidKeyReturnsNull" />
    </UnitTest>
    <UnitTest name="CreatingNewObjectWorksOK" storage="c:\content\vs projects\nucleo\orm\4.0\tests.unit.orm\bin\debug\tests.unit.orm.dll" id="9d2fdbf7-821f-8a91-55db-c664fa0486e3">
      <Execution id="34e848c9-bd4f-4456-af47-4815d16e6674" />
      <TestMethod codeBase="C:/Content/VS Projects/Nucleo/Orm/4.0/Tests.Unit.Orm/bin/Debug/Tests.Unit.Orm.DLL" adapterTypeName="Microsoft.VisualStudio.TestTools.TestTypes.Unit.UnitTestAdapter, Microsoft.VisualStudio.QualityTools.Tips.UnitTest.Adapter, Version=10.0.0.0, Culture=neutral, PublicKeyToken=b03f5f7f11d50a3a" className="Nucleo.Orm.InMemoryUnitOfWorkTest, Tests.Unit.Orm, Version=1.0.0.0, Culture=neutral, PublicKeyToken=null" name="CreatingNewObjectWorksOK" />
    </UnitTest>
    <UnitTest name="GetByNullIDLookupUsingInterfaceThrowsException" storage="c:\content\vs projects\nucleo\orm\4.0\tests.unit.orm\bin\debug\tests.unit.orm.dll" id="3af59cc2-4577-facc-79d9-ed40e31dd7f5">
      <Execution id="89c660a8-49ec-47a6-b888-dacf79ebfbf0" />
      <TestMethod codeBase="C:/Content/VS Projects/Nucleo/Orm/4.0/Tests.Unit.Orm/bin/Debug/Tests.Unit.Orm.DLL" adapterTypeName="Microsoft.VisualStudio.TestTools.TestTypes.Unit.UnitTestAdapter, Microsoft.VisualStudio.QualityTools.Tips.UnitTest.Adapter, Version=10.0.0.0, Culture=neutral, PublicKeyToken=b03f5f7f11d50a3a" className="Nucleo.Orm.InMemoryUnitOfWorkTest, Tests.Unit.Orm, Version=1.0.0.0, Culture=neutral, PublicKeyToken=null" name="GetByNullIDLookupUsingInterfaceThrowsException" />
    </UnitTest>
    <UnitTest name="QueryingWithNullExpression2ThrowsException" storage="c:\content\vs projects\nucleo\orm\4.0\tests.unit.orm\bin\debug\tests.unit.orm.dll" id="82ea22e9-0145-757c-bde7-8f4176defc0a">
      <Execution id="9afa8af0-3aef-4137-aa75-d527371bf32e" />
      <TestMethod codeBase="C:/Content/VS Projects/Nucleo/Orm/4.0/Tests.Unit.Orm/bin/Debug/Tests.Unit.Orm.DLL" adapterTypeName="Microsoft.VisualStudio.TestTools.TestTypes.Unit.UnitTestAdapter, Microsoft.VisualStudio.QualityTools.Tips.UnitTest.Adapter, Version=10.0.0.0, Culture=neutral, PublicKeyToken=b03f5f7f11d50a3a" className="Nucleo.Orm.Entities.Generic.ContextGenericUnitOfWorkTest, Tests.Unit.Orm, Version=1.0.0.0, Culture=neutral, PublicKeyToken=null" name="QueryingWithNullExpression2ThrowsException" />
    </UnitTest>
    <UnitTest name="GettingEntityWithNullInfoThrowsException" storage="c:\content\vs projects\nucleo\orm\4.0\tests.unit.orm\bin\debug\tests.unit.orm.dll" id="049765dd-83f8-a129-7ac1-7d14eb10cba5">
      <Execution id="df5270c9-247c-43fb-aa7c-568facfc63c6" />
      <TestMethod codeBase="C:/Content/VS Projects/Nucleo/Orm/4.0/Tests.Unit.Orm/bin/Debug/Tests.Unit.Orm.DLL" adapterTypeName="Microsoft.VisualStudio.TestTools.TestTypes.Unit.UnitTestAdapter, Microsoft.VisualStudio.QualityTools.Tips.UnitTest.Adapter, Version=10.0.0.0, Culture=neutral, PublicKeyToken=b03f5f7f11d50a3a" className="Nucleo.Orm.Entities.Generic.ContextGenericUnitOfWorkTest, Tests.Unit.Orm, Version=1.0.0.0, Culture=neutral, PublicKeyToken=null" name="GettingEntityWithNullInfoThrowsException" />
    </UnitTest>
    <UnitTest name="GettingObjectByIDReturnsCorrectObject" storage="c:\content\vs projects\nucleo\orm\4.0\tests.unit.orm\bin\debug\tests.unit.orm.dll" id="dd242d73-c31d-5754-03d1-f637ebfa213d">
      <Execution id="9ee10c64-9f54-4207-b70c-eef62661474e" />
      <TestMethod codeBase="C:/Content/VS Projects/Nucleo/Orm/4.0/Tests.Unit.Orm/bin/Debug/Tests.Unit.Orm.DLL" adapterTypeName="Microsoft.VisualStudio.TestTools.TestTypes.Unit.UnitTestAdapter, Microsoft.VisualStudio.QualityTools.Tips.UnitTest.Adapter, Version=10.0.0.0, Culture=neutral, PublicKeyToken=b03f5f7f11d50a3a" className="Nucleo.Orm.InMemoryUnitOfWorkTest, Tests.Unit.Orm, Version=1.0.0.0, Culture=neutral, PublicKeyToken=null" name="GettingObjectByIDReturnsCorrectObject" />
    </UnitTest>
    <UnitTest name="LocatingEmptyUnitOfWorkThrowsException" storage="c:\content\vs projects\nucleo\orm\4.0\tests.unit.orm\bin\debug\tests.unit.orm.dll" id="8f0189e5-044f-f18a-62b7-e02f2a81ea5a">
      <Execution id="1a5bd126-7297-4d3d-9e58-2f75fa542181" />
      <TestMethod codeBase="C:/Content/VS Projects/Nucleo/Orm/4.0/Tests.Unit.Orm/bin/Debug/Tests.Unit.Orm.DLL" adapterTypeName="Microsoft.VisualStudio.TestTools.TestTypes.Unit.UnitTestAdapter, Microsoft.VisualStudio.QualityTools.Tips.UnitTest.Adapter, Version=10.0.0.0, Culture=neutral, PublicKeyToken=b03f5f7f11d50a3a" className="Nucleo.Orm.UnitOfWorkManagerTest, Tests.Unit.Orm, Version=1.0.0.0, Culture=neutral, PublicKeyToken=null" name="LocatingEmptyUnitOfWorkThrowsException" />
    </UnitTest>
    <UnitTest name="ValidatingDoesNotLogToResult" storage="c:\content\vs projects\nucleo\orm\4.0\tests.unit.orm\bin\debug\tests.unit.orm.dll" id="0b4117ff-576c-7a91-a191-ade6c9b1c233">
      <Execution id="e0e363ba-8dfd-42fc-9e60-736b0df1a9c8" />
      <TestMethod codeBase="C:/Content/VS Projects/Nucleo/Orm/4.0/Tests.Unit.Orm/bin/Debug/Tests.Unit.Orm.DLL" adapterTypeName="Microsoft.VisualStudio.TestTools.TestTypes.Unit.UnitTestAdapter, Microsoft.VisualStudio.QualityTools.Tips.UnitTest.Adapter, Version=10.0.0.0, Culture=neutral, PublicKeyToken=b03f5f7f11d50a3a" className="Nucleo.Orm.Validation.EmptyValidationRuleTest, Tests.Unit.Orm, Version=1.0.0.0, Culture=neutral, PublicKeyToken=null" name="ValidatingDoesNotLogToResult" />
    </UnitTest>
    <UnitTest name="QueuingDeleteRemovedFromObjectSet" storage="c:\content\vs projects\nucleo\orm\4.0\tests.unit.orm\bin\debug\tests.unit.orm.dll" id="a810af21-efbd-264b-a00a-8b88a6ca836c">
      <Execution id="5b1537d7-f135-4aa9-b933-87eccdcd965f" />
      <TestMethod codeBase="C:/Content/VS Projects/Nucleo/Orm/4.0/Tests.Unit.Orm/bin/Debug/Tests.Unit.Orm.DLL" adapterTypeName="Microsoft.VisualStudio.TestTools.TestTypes.Unit.UnitTestAdapter, Microsoft.VisualStudio.QualityTools.Tips.UnitTest.Adapter, Version=10.0.0.0, Culture=neutral, PublicKeyToken=b03f5f7f11d50a3a" className="Nucleo.Orm.Entities.ObjectSetEntityUnitOfWorkTest, Tests.Unit.Orm, Version=1.0.0.0, Culture=neutral, PublicKeyToken=null" name="QueuingDeleteRemovedFromObjectSet" />
    </UnitTest>
    <UnitTest name="CreatingNewEntityWithNullInfoThrowsException" storage="c:\content\vs projects\nucleo\orm\4.0\tests.unit.orm\bin\debug\tests.unit.orm.dll" id="28b0daf5-c532-74d0-1652-6112aa55b68e">
      <Execution id="eff3003c-4bc8-48ea-a99f-acd86aa7d5cb" />
      <TestMethod codeBase="C:/Content/VS Projects/Nucleo/Orm/4.0/Tests.Unit.Orm/bin/Debug/Tests.Unit.Orm.DLL" adapterTypeName="Microsoft.VisualStudio.TestTools.TestTypes.Unit.UnitTestAdapter, Microsoft.VisualStudio.QualityTools.Tips.UnitTest.Adapter, Version=10.0.0.0, Culture=neutral, PublicKeyToken=b03f5f7f11d50a3a" className="Nucleo.Orm.Entities.Generic.ContextGenericUnitOfWorkTest, Tests.Unit.Orm, Version=1.0.0.0, Culture=neutral, PublicKeyToken=null" name="CreatingNewEntityWithNullInfoThrowsException" />
    </UnitTest>
    <UnitTest name="FindingInsertValidationRulesForEntityWorksOK" storage="c:\content\vs projects\nucleo\orm\4.0\tests.unit.orm\bin\debug\tests.unit.orm.dll" id="88cb810d-dbf6-a14f-d8f6-a0f0fb2e7389">
      <Execution id="d3d1c08b-f8dd-46f9-9c2b-7ff6a42b0086" />
      <TestMethod codeBase="C:/Content/VS Projects/Nucleo/Orm/4.0/Tests.Unit.Orm/bin/Debug/Tests.Unit.Orm.DLL" adapterTypeName="Microsoft.VisualStudio.TestTools.TestTypes.Unit.UnitTestAdapter, Microsoft.VisualStudio.QualityTools.Tips.UnitTest.Adapter, Version=10.0.0.0, Culture=neutral, PublicKeyToken=b03f5f7f11d50a3a" className="Nucleo.Orm.Validation.Discovery.ValidationRuleTargetDiscoveryStrategyTest, Tests.Unit.Orm, Version=1.0.0.0, Culture=neutral, PublicKeyToken=null" name="FindingInsertValidationRulesForEntityWorksOK" />
    </UnitTest>
    <UnitTest name="QueuingUpdateWithNullInfoThrowsException" storage="c:\content\vs projects\nucleo\orm\4.0\tests.unit.orm\bin\debug\tests.unit.orm.dll" id="17f807d4-9f56-dd15-98cc-dda877aabff9">
      <Execution id="9109b53f-ecce-4737-99f4-d9ac629b4127" />
      <TestMethod codeBase="C:/Content/VS Projects/Nucleo/Orm/4.0/Tests.Unit.Orm/bin/Debug/Tests.Unit.Orm.DLL" adapterTypeName="Microsoft.VisualStudio.TestTools.TestTypes.Unit.UnitTestAdapter, Microsoft.VisualStudio.QualityTools.Tips.UnitTest.Adapter, Version=10.0.0.0, Culture=neutral, PublicKeyToken=b03f5f7f11d50a3a" className="Nucleo.Orm.Entities.Generic.ContextGenericUnitOfWorkTest, Tests.Unit.Orm, Version=1.0.0.0, Culture=neutral, PublicKeyToken=null" name="QueuingUpdateWithNullInfoThrowsException" />
    </UnitTest>
    <UnitTest name="SavingDeletePushesChange" storage="c:\content\vs projects\nucleo\orm\4.0\tests.unit.orm\bin\debug\tests.unit.orm.dll" id="cf085bae-c255-d472-9e18-c04089610927">
      <Execution id="7c5f1434-a3d7-4588-84b8-0f70fcfba26c" />
      <TestMethod codeBase="C:/Content/VS Projects/Nucleo/Orm/4.0/Tests.Unit.Orm/bin/Debug/Tests.Unit.Orm.DLL" adapterTypeName="Microsoft.VisualStudio.TestTools.TestTypes.Unit.UnitTestAdapter, Microsoft.VisualStudio.QualityTools.Tips.UnitTest.Adapter, Version=10.0.0.0, Culture=neutral, PublicKeyToken=b03f5f7f11d50a3a" className="Nucleo.Orm.InMemoryUnitOfWorkTest, Tests.Unit.Orm, Version=1.0.0.0, Culture=neutral, PublicKeyToken=null" name="SavingDeletePushesChange" />
    </UnitTest>
    <UnitTest name="QueuingDeleteWithNullInfoThrowsException" storage="c:\content\vs projects\nucleo\orm\4.0\tests.unit.orm\bin\debug\tests.unit.orm.dll" id="c8ea3952-ca57-e6dc-a4d4-6bf06cea9f82">
      <Execution id="dd13699e-eddf-4ea1-a3ed-0d41cacc4122" />
      <TestMethod codeBase="C:/Content/VS Projects/Nucleo/Orm/4.0/Tests.Unit.Orm/bin/Debug/Tests.Unit.Orm.DLL" adapterTypeName="Microsoft.VisualStudio.TestTools.TestTypes.Unit.UnitTestAdapter, Microsoft.VisualStudio.QualityTools.Tips.UnitTest.Adapter, Version=10.0.0.0, Culture=neutral, PublicKeyToken=b03f5f7f11d50a3a" className="Nucleo.Orm.Entities.Generic.ContextGenericUnitOfWorkTest, Tests.Unit.Orm, Version=1.0.0.0, Culture=neutral, PublicKeyToken=null" name="QueuingDeleteWithNullInfoThrowsException" />
    </UnitTest>
    <UnitTest name="ConstructingWithNullThrowsException" storage="c:\content\vs projects\nucleo\orm\4.0\tests.unit.orm\bin\debug\tests.unit.orm.dll" id="bcc057b0-37c8-1f07-f6af-8eed4642fbcf">
      <Execution id="e0fb2c81-3bb5-432c-b973-28e417dcff8e" />
      <TestMethod codeBase="C:/Content/VS Projects/Nucleo/Orm/4.0/Tests.Unit.Orm/bin/Debug/Tests.Unit.Orm.DLL" adapterTypeName="Microsoft.VisualStudio.TestTools.TestTypes.Unit.UnitTestAdapter, Microsoft.VisualStudio.QualityTools.Tips.UnitTest.Adapter, Version=10.0.0.0, Culture=neutral, PublicKeyToken=b03f5f7f11d50a3a" className="Nucleo.Orm.Entities.Generic.ContextGenericUnitOfWorkTest, Tests.Unit.Orm, Version=1.0.0.0, Culture=neutral, PublicKeyToken=null" name="ConstructingWithNullThrowsException" />
    </UnitTest>
    <UnitTest name="GettingByKeyWithInvalidTypeThrowsException" storage="c:\content\vs projects\nucleo\orm\4.0\tests.unit.orm\bin\debug\tests.unit.orm.dll" id="9d33b626-d829-7c04-c666-1c16abf18557">
      <Execution id="84739d46-890a-4cd0-8f62-9e6bb71728ad" />
      <TestMethod codeBase="C:/Content/VS Projects/Nucleo/Orm/4.0/Tests.Unit.Orm/bin/Debug/Tests.Unit.Orm.DLL" adapterTypeName="Microsoft.VisualStudio.TestTools.TestTypes.Unit.UnitTestAdapter, Microsoft.VisualStudio.QualityTools.Tips.UnitTest.Adapter, Version=10.0.0.0, Culture=neutral, PublicKeyToken=b03f5f7f11d50a3a" className="Nucleo.Orm.Entities.ObjectSetEntityUnitOfWorkTest, Tests.Unit.Orm, Version=1.0.0.0, Culture=neutral, PublicKeyToken=null" name="GettingByKeyWithInvalidTypeThrowsException" />
    </UnitTest>
    <UnitTest name="ValidatingValidatableEntityReturnsResults" storage="c:\content\vs projects\nucleo\orm\4.0\tests.unit.orm\bin\debug\tests.unit.orm.dll" id="966cdf85-4365-8b0d-7c05-da063daae3b9">
      <Execution id="c4013ab8-f746-47f9-b7f0-08a1caa5c08b" />
      <TestMethod codeBase="C:/Content/VS Projects/Nucleo/Orm/4.0/Tests.Unit.Orm/bin/Debug/Tests.Unit.Orm.DLL" adapterTypeName="Microsoft.VisualStudio.TestTools.TestTypes.Unit.UnitTestAdapter, Microsoft.VisualStudio.QualityTools.Tips.UnitTest.Adapter, Version=10.0.0.0, Culture=neutral, PublicKeyToken=b03f5f7f11d50a3a" className="Nucleo.Orm.Validation.Discovery.DefaultValidationRuleDiscoveryStrategyTest, Tests.Unit.Orm, Version=1.0.0.0, Culture=neutral, PublicKeyToken=null" name="ValidatingValidatableEntityReturnsResults" />
    </UnitTest>
    <UnitTest name="QueueingInvalidUpdateThrowsException" storage="c:\content\vs projects\nucleo\orm\4.0\tests.unit.orm\bin\debug\tests.unit.orm.dll" id="d654a00b-2a3c-4d1e-bfbe-fb3225eadd09">
      <Execution id="736e7b77-0fac-41b2-a966-84fb67b17111" />
      <TestMethod codeBase="C:/Content/VS Projects/Nucleo/Orm/4.0/Tests.Unit.Orm/bin/Debug/Tests.Unit.Orm.DLL" adapterTypeName="Microsoft.VisualStudio.TestTools.TestTypes.Unit.UnitTestAdapter, Microsoft.VisualStudio.QualityTools.Tips.UnitTest.Adapter, Version=10.0.0.0, Culture=neutral, PublicKeyToken=b03f5f7f11d50a3a" className="Nucleo.Orm.InMemoryUnitOfWorkTest, Tests.Unit.Orm, Version=1.0.0.0, Culture=neutral, PublicKeyToken=null" name="QueueingInvalidUpdateThrowsException" />
    </UnitTest>
    <UnitTest name="CreatingAssignsIsValidToTrue" storage="c:\content\vs projects\nucleo\orm\4.0\tests.unit.orm\bin\debug\tests.unit.orm.dll" id="66e23e06-339e-4ebd-9998-8074f11380db">
      <Execution id="75467017-c627-498b-af40-9b696d5f717d" />
      <TestMethod codeBase="C:/Content/VS Projects/Nucleo/Orm/4.0/Tests.Unit.Orm/bin/Debug/Tests.Unit.Orm.DLL" adapterTypeName="Microsoft.VisualStudio.TestTools.TestTypes.Unit.UnitTestAdapter, Microsoft.VisualStudio.QualityTools.Tips.UnitTest.Adapter, Version=10.0.0.0, Culture=neutral, PublicKeyToken=b03f5f7f11d50a3a" className="Nucleo.Orm.Validation.ValidationResultsTest, Tests.Unit.Orm, Version=1.0.0.0, Culture=neutral, PublicKeyToken=null" name="CreatingAssignsIsValidToTrue" />
    </UnitTest>
    <UnitTest name="CreatingWithOptionsAssignsOK" storage="c:\content\vs projects\nucleo\orm\4.0\tests.unit.orm\bin\debug\tests.unit.orm.dll" id="cc4b51ae-303b-9e5c-9757-1d3d9e8f1777">
      <Execution id="930a40ab-e485-4f83-9f71-bf8ee74000e3" />
      <TestMethod codeBase="C:/Content/VS Projects/Nucleo/Orm/4.0/Tests.Unit.Orm/bin/Debug/Tests.Unit.Orm.DLL" adapterTypeName="Microsoft.VisualStudio.TestTools.TestTypes.Unit.UnitTestAdapter, Microsoft.VisualStudio.QualityTools.Tips.UnitTest.Adapter, Version=10.0.0.0, Culture=neutral, PublicKeyToken=b03f5f7f11d50a3a" className="Nucleo.Orm.UnitOfWorkManagerTest, Tests.Unit.Orm, Version=1.0.0.0, Culture=neutral, PublicKeyToken=null" name="CreatingWithOptionsAssignsOK" />
    </UnitTest>
    <UnitTest name="CreatingWithValidRegistrationReturnsUnitOfWork" storage="c:\content\vs projects\nucleo\orm\4.0\tests.unit.orm\bin\debug\tests.unit.orm.dll" id="a734e4ee-ee1e-7485-976c-a418b58a61d0">
      <Execution id="b42d3097-d424-459c-b03e-a5486316ad54" />
      <TestMethod codeBase="C:/Content/VS Projects/Nucleo/Orm/4.0/Tests.Unit.Orm/bin/Debug/Tests.Unit.Orm.DLL" adapterTypeName="Microsoft.VisualStudio.TestTools.TestTypes.Unit.UnitTestAdapter, Microsoft.VisualStudio.QualityTools.Tips.UnitTest.Adapter, Version=10.0.0.0, Culture=neutral, PublicKeyToken=b03f5f7f11d50a3a" className="Nucleo.Orm.Discovery.ConfigurationUnitOfWorkDiscoveryStrategyTest, Tests.Unit.Orm, Version=1.0.0.0, Culture=neutral, PublicKeyToken=null" name="CreatingWithValidRegistrationReturnsUnitOfWork" />
    </UnitTest>
    <UnitTest name="AttachingNullEntityThrowsException" storage="c:\content\vs projects\nucleo\orm\4.0\tests.unit.orm\bin\debug\tests.unit.orm.dll" id="aeae47f1-8b97-6ad3-ab97-de773d491c11">
      <Execution id="9aba2d5b-bd32-48ed-863b-79b524079716" />
      <TestMethod codeBase="C:/Content/VS Projects/Nucleo/Orm/4.0/Tests.Unit.Orm/bin/Debug/Tests.Unit.Orm.DLL" adapterTypeName="Microsoft.VisualStudio.TestTools.TestTypes.Unit.UnitTestAdapter, Microsoft.VisualStudio.QualityTools.Tips.UnitTest.Adapter, Version=10.0.0.0, Culture=neutral, PublicKeyToken=b03f5f7f11d50a3a" className="Nucleo.Orm.Entities.Legacy.ObjectSetUnitOfWorkTest, Tests.Unit.Orm, Version=1.0.0.0, Culture=neutral, PublicKeyToken=null" name="AttachingNullEntityThrowsException" />
    </UnitTest>
    <UnitTest name="LocatingUnitOfWorkWithNullOptionsThrowsException" storage="c:\content\vs projects\nucleo\orm\4.0\tests.unit.orm\bin\debug\tests.unit.orm.dll" id="906e2135-2d75-dd03-729c-5b14c0fa1c6e">
      <Execution id="37d93a3f-ff50-4a64-85c2-dcd596582536" />
      <TestMethod codeBase="C:/Content/VS Projects/Nucleo/Orm/4.0/Tests.Unit.Orm/bin/Debug/Tests.Unit.Orm.DLL" adapterTypeName="Microsoft.VisualStudio.TestTools.TestTypes.Unit.UnitTestAdapter, Microsoft.VisualStudio.QualityTools.Tips.UnitTest.Adapter, Version=10.0.0.0, Culture=neutral, PublicKeyToken=b03f5f7f11d50a3a" className="Nucleo.Orm.Discovery.ConfigurationUnitOfWorkDiscoveryStrategyTest, Tests.Unit.Orm, Version=1.0.0.0, Culture=neutral, PublicKeyToken=null" name="LocatingUnitOfWorkWithNullOptionsThrowsException" />
    </UnitTest>
    <UnitTest name="CreatingTriggerAssignsThrowsNoExceptions" storage="c:\content\vs projects\nucleo\orm\4.0\tests.unit.orm\bin\debug\tests.unit.orm.dll" id="7c739d6b-fe40-5934-ad29-84d85e984a64">
      <Execution id="8af0e64e-06e4-4fa2-8eaa-0a07d1d11b4d" />
      <TestMethod codeBase="C:/Content/VS Projects/Nucleo/Orm/4.0/Tests.Unit.Orm/bin/Debug/Tests.Unit.Orm.DLL" adapterTypeName="Microsoft.VisualStudio.TestTools.TestTypes.Unit.UnitTestAdapter, Microsoft.VisualStudio.QualityTools.Tips.UnitTest.Adapter, Version=10.0.0.0, Culture=neutral, PublicKeyToken=b03f5f7f11d50a3a" className="Nucleo.Orm.Triggers.ActionTriggerTest, Tests.Unit.Orm, Version=1.0.0.0, Culture=neutral, PublicKeyToken=null" name="CreatingTriggerAssignsThrowsNoExceptions" />
    </UnitTest>
    <UnitTest name="QueueingInvalidDeleteThrowsException" storage="c:\content\vs projects\nucleo\orm\4.0\tests.unit.orm\bin\debug\tests.unit.orm.dll" id="659707f0-d8f0-76b8-1ec5-1f498fb75404">
      <Execution id="26c88807-02ef-47d8-8bfa-83efa12b5f92" />
      <TestMethod codeBase="C:/Content/VS Projects/Nucleo/Orm/4.0/Tests.Unit.Orm/bin/Debug/Tests.Unit.Orm.DLL" adapterTypeName="Microsoft.VisualStudio.TestTools.TestTypes.Unit.UnitTestAdapter, Microsoft.VisualStudio.QualityTools.Tips.UnitTest.Adapter, Version=10.0.0.0, Culture=neutral, PublicKeyToken=b03f5f7f11d50a3a" className="Nucleo.Orm.InMemoryUnitOfWorkTest, Tests.Unit.Orm, Version=1.0.0.0, Culture=neutral, PublicKeyToken=null" name="QueueingInvalidDeleteThrowsException" />
    </UnitTest>
    <UnitTest name="LinqProviderIsAccessible" storage="c:\content\vs projects\nucleo\orm\4.0\tests.unit.orm\bin\debug\tests.unit.orm.dll" id="a77db4b6-00ac-3b1e-2601-9c6d5b6d5364">
      <Execution id="abafb3bb-cad3-4adb-9f69-087bb6f0fd08" />
      <TestMethod codeBase="C:/Content/VS Projects/Nucleo/Orm/4.0/Tests.Unit.Orm/bin/Debug/Tests.Unit.Orm.DLL" adapterTypeName="Microsoft.VisualStudio.TestTools.TestTypes.Unit.UnitTestAdapter, Microsoft.VisualStudio.QualityTools.Tips.UnitTest.Adapter, Version=10.0.0.0, Culture=neutral, PublicKeyToken=b03f5f7f11d50a3a" className="Nucleo.Orm.Entities.ObjectEntitySetTest, Tests.Unit.Orm, Version=1.0.0.0, Culture=neutral, PublicKeyToken=null" name="LinqProviderIsAccessible" />
    </UnitTest>
    <UnitTest name="ServingCachedMethodWorksOK" storage="c:\content\vs projects\nucleo\orm\4.0\tests.unit.orm\bin\debug\tests.unit.orm.dll" id="fa9d216e-8a6b-8d7b-80a0-c9bdf6b0016d">
      <Execution id="1acbc113-a45b-4255-91a2-667083186192" />
      <TestMethod codeBase="C:/Content/VS Projects/Nucleo/Orm/4.0/Tests.Unit.Orm/bin/Debug/Tests.Unit.Orm.DLL" adapterTypeName="Microsoft.VisualStudio.TestTools.TestTypes.Unit.UnitTestAdapter, Microsoft.VisualStudio.QualityTools.Tips.UnitTest.Adapter, Version=10.0.0.0, Culture=neutral, PublicKeyToken=b03f5f7f11d50a3a" className="Nucleo.Orm.UnitOfWorkManagerTest, Tests.Unit.Orm, Version=1.0.0.0, Culture=neutral, PublicKeyToken=null" name="ServingCachedMethodWorksOK" />
    </UnitTest>
    <UnitTest name="SavingUpdatePushesChange" storage="c:\content\vs projects\nucleo\orm\4.0\tests.unit.orm\bin\debug\tests.unit.orm.dll" id="a429e980-5a34-1179-fc71-f510bbc62ec0">
      <Execution id="32309c3f-cae4-4eb0-9531-ecab047b25f8" />
      <TestMethod codeBase="C:/Content/VS Projects/Nucleo/Orm/4.0/Tests.Unit.Orm/bin/Debug/Tests.Unit.Orm.DLL" adapterTypeName="Microsoft.VisualStudio.TestTools.TestTypes.Unit.UnitTestAdapter, Microsoft.VisualStudio.QualityTools.Tips.UnitTest.Adapter, Version=10.0.0.0, Culture=neutral, PublicKeyToken=b03f5f7f11d50a3a" className="Nucleo.Orm.InMemoryUnitOfWorkTest, Tests.Unit.Orm, Version=1.0.0.0, Culture=neutral, PublicKeyToken=null" name="SavingUpdatePushesChange" />
    </UnitTest>
    <UnitTest name="QueuingUpdateWhenNotAttachedAttachesItem" storage="c:\content\vs projects\nucleo\orm\4.0\tests.unit.orm\bin\debug\tests.unit.orm.dll" id="82792df3-2087-fcd9-499b-aaa565af3fd7">
      <Execution id="1469c136-d8dc-40e0-9839-b30b1e7ab869" />
      <TestMethod codeBase="C:/Content/VS Projects/Nucleo/Orm/4.0/Tests.Unit.Orm/bin/Debug/Tests.Unit.Orm.DLL" adapterTypeName="Microsoft.VisualStudio.TestTools.TestTypes.Unit.UnitTestAdapter, Microsoft.VisualStudio.QualityTools.Tips.UnitTest.Adapter, Version=10.0.0.0, Culture=neutral, PublicKeyToken=b03f5f7f11d50a3a" className="Nucleo.Orm.DataClasses.TableEntityUnitOfWorkTest, Tests.Unit.Orm, Version=1.0.0.0, Culture=neutral, PublicKeyToken=null" name="QueuingUpdateWhenNotAttachedAttachesItem" />
    </UnitTest>
    <UnitTest name="DetachingAnEntityWorksOK" storage="c:\content\vs projects\nucleo\orm\4.0\tests.unit.orm\bin\debug\tests.unit.orm.dll" id="dd01b293-83e0-2dbb-30e7-7422faba3757">
      <Execution id="0c179c3f-686f-439a-9d16-fdab6a67c21c" />
      <TestMethod codeBase="C:/Content/VS Projects/Nucleo/Orm/4.0/Tests.Unit.Orm/bin/Debug/Tests.Unit.Orm.DLL" adapterTypeName="Microsoft.VisualStudio.TestTools.TestTypes.Unit.UnitTestAdapter, Microsoft.VisualStudio.QualityTools.Tips.UnitTest.Adapter, Version=10.0.0.0, Culture=neutral, PublicKeyToken=b03f5f7f11d50a3a" className="Nucleo.Orm.Entities.Legacy.ObjectSetUnitOfWorkTest, Tests.Unit.Orm, Version=1.0.0.0, Culture=neutral, PublicKeyToken=null" name="DetachingAnEntityWorksOK" />
    </UnitTest>
    <UnitTest name="QueueingInvalidInsertThrowsException" storage="c:\content\vs projects\nucleo\orm\4.0\tests.unit.orm\bin\debug\tests.unit.orm.dll" id="0e26f961-ec55-69fd-5c85-6e92fa1e2d0d">
      <Execution id="693dcfa6-8423-460e-b0e3-de58b8e86d2b" />
      <TestMethod codeBase="C:/Content/VS Projects/Nucleo/Orm/4.0/Tests.Unit.Orm/bin/Debug/Tests.Unit.Orm.DLL" adapterTypeName="Microsoft.VisualStudio.TestTools.TestTypes.Unit.UnitTestAdapter, Microsoft.VisualStudio.QualityTools.Tips.UnitTest.Adapter, Version=10.0.0.0, Culture=neutral, PublicKeyToken=b03f5f7f11d50a3a" className="Nucleo.Orm.InMemoryUnitOfWorkTest, Tests.Unit.Orm, Version=1.0.0.0, Culture=neutral, PublicKeyToken=null" name="QueueingInvalidInsertThrowsException" />
    </UnitTest>
    <UnitTest name="AddingARangeOfRulesAddsOK" storage="c:\content\vs projects\nucleo\orm\4.0\tests.unit.orm\bin\debug\tests.unit.orm.dll" id="a450fc64-8213-57bd-9d03-bda5286c7979">
      <Execution id="0ad26501-6169-4686-8095-9a2801279044" />
      <TestMethod codeBase="C:/Content/VS Projects/Nucleo/Orm/4.0/Tests.Unit.Orm/bin/Debug/Tests.Unit.Orm.DLL" adapterTypeName="Microsoft.VisualStudio.TestTools.TestTypes.Unit.UnitTestAdapter, Microsoft.VisualStudio.QualityTools.Tips.UnitTest.Adapter, Version=10.0.0.0, Culture=neutral, PublicKeyToken=b03f5f7f11d50a3a" className="Nucleo.Orm.Validation.ValidationRuleCollectionTest, Tests.Unit.Orm, Version=1.0.0.0, Culture=neutral, PublicKeyToken=null" name="AddingARangeOfRulesAddsOK" />
    </UnitTest>
    <UnitTest name="CreatingWithDbSetWorksOK" storage="c:\content\vs projects\nucleo\orm\4.0\tests.unit.orm\bin\debug\tests.unit.orm.dll" id="8ec8f0c3-39ba-96f2-316f-5ff37fff4a88">
      <Execution id="3ccfd088-38fc-496c-8671-9091c7a74440" />
      <TestMethod codeBase="C:/Content/VS Projects/Nucleo/Orm/4.0/Tests.Unit.Orm/bin/Debug/Tests.Unit.Orm.DLL" adapterTypeName="Microsoft.VisualStudio.TestTools.TestTypes.Unit.UnitTestAdapter, Microsoft.VisualStudio.QualityTools.Tips.UnitTest.Adapter, Version=10.0.0.0, Culture=neutral, PublicKeyToken=b03f5f7f11d50a3a" className="Nucleo.Orm.Entities.DbSetUnitOfWorkTest, Tests.Unit.Orm, Version=1.0.0.0, Culture=neutral, PublicKeyToken=null" name="CreatingWithDbSetWorksOK" />
    </UnitTest>
    <UnitTest name="GettingEntitySetNameWorksOK" storage="c:\content\vs projects\nucleo\orm\4.0\tests.unit.orm\bin\debug\tests.unit.orm.dll" id="12c0784f-7073-1afc-cdc8-5a5b69da4f56">
      <Execution id="02fd8ad6-6da1-425d-a98d-08e8f4241a9e" />
      <TestMethod codeBase="C:/Content/VS Projects/Nucleo/Orm/4.0/Tests.Unit.Orm/bin/Debug/Tests.Unit.Orm.DLL" adapterTypeName="Microsoft.VisualStudio.TestTools.TestTypes.Unit.UnitTestAdapter, Microsoft.VisualStudio.QualityTools.Tips.UnitTest.Adapter, Version=10.0.0.0, Culture=neutral, PublicKeyToken=b03f5f7f11d50a3a" className="Nucleo.Orm.Entities.Legacy.ObjectSetUnitOfWorkTest, Tests.Unit.Orm, Version=1.0.0.0, Culture=neutral, PublicKeyToken=null" name="GettingEntitySetNameWorksOK" />
    </UnitTest>
    <UnitTest name="QueuingUpdateWhenAttachedDoesNotAttach" storage="c:\content\vs projects\nucleo\orm\4.0\tests.unit.orm\bin\debug\tests.unit.orm.dll" id="d69c55cf-d668-5519-9d89-d95aaff0f7ca">
      <Execution id="03ce83c7-354f-4ad6-a94a-30b6f977fe16" />
      <TestMethod codeBase="C:/Content/VS Projects/Nucleo/Orm/4.0/Tests.Unit.Orm/bin/Debug/Tests.Unit.Orm.DLL" adapterTypeName="Microsoft.VisualStudio.TestTools.TestTypes.Unit.UnitTestAdapter, Microsoft.VisualStudio.QualityTools.Tips.UnitTest.Adapter, Version=10.0.0.0, Culture=neutral, PublicKeyToken=b03f5f7f11d50a3a" className="Nucleo.Orm.DataClasses.TableEntityUnitOfWorkTest, Tests.Unit.Orm, Version=1.0.0.0, Culture=neutral, PublicKeyToken=null" name="QueuingUpdateWhenAttachedDoesNotAttach" />
    </UnitTest>
    <UnitTest name="SettingSameDiscoveryStrategyStaticDoesntOverwrite" storage="c:\content\vs projects\nucleo\orm\4.0\tests.unit.orm\bin\debug\tests.unit.orm.dll" id="7e703dce-5d5f-d802-b26a-6c52b23e501b">
      <Execution id="4c0c9829-713b-45d9-ad68-023445314b6a" />
      <TestMethod codeBase="C:/Content/VS Projects/Nucleo/Orm/4.0/Tests.Unit.Orm/bin/Debug/Tests.Unit.Orm.DLL" adapterTypeName="Microsoft.VisualStudio.TestTools.TestTypes.Unit.UnitTestAdapter, Microsoft.VisualStudio.QualityTools.Tips.UnitTest.Adapter, Version=10.0.0.0, Culture=neutral, PublicKeyToken=b03f5f7f11d50a3a" className="Nucleo.Orm.Validation.OrmValidatorTest, Tests.Unit.Orm, Version=1.0.0.0, Culture=neutral, PublicKeyToken=null" name="SettingSameDiscoveryStrategyStaticDoesntOverwrite" />
    </UnitTest>
    <UnitTest name="DetachingNullEntityThrowsException" storage="c:\content\vs projects\nucleo\orm\4.0\tests.unit.orm\bin\debug\tests.unit.orm.dll" id="93d22286-9001-b0ab-6fa3-c17638c0fa12">
      <Execution id="2e3a29e3-81b9-4f08-89be-b76fe22c7e6d" />
      <TestMethod codeBase="C:/Content/VS Projects/Nucleo/Orm/4.0/Tests.Unit.Orm/bin/Debug/Tests.Unit.Orm.DLL" adapterTypeName="Microsoft.VisualStudio.TestTools.TestTypes.Unit.UnitTestAdapter, Microsoft.VisualStudio.QualityTools.Tips.UnitTest.Adapter, Version=10.0.0.0, Culture=neutral, PublicKeyToken=b03f5f7f11d50a3a" className="Nucleo.Orm.Entities.Legacy.ObjectSetUnitOfWorkTest, Tests.Unit.Orm, Version=1.0.0.0, Culture=neutral, PublicKeyToken=null" name="DetachingNullEntityThrowsException" />
    </UnitTest>
    <UnitTest name="GettingAndSettingPropertiesWorksOK" storage="c:\content\vs projects\nucleo\orm\4.0\tests.unit.orm\bin\debug\tests.unit.orm.dll" id="cf85672e-98c7-81c2-8473-46eea0cdd0ff">
      <Execution id="5715be1a-1bfb-4bd5-ba3b-af5548b35497" />
      <TestMethod codeBase="C:/Content/VS Projects/Nucleo/Orm/4.0/Tests.Unit.Orm/bin/Debug/Tests.Unit.Orm.DLL" adapterTypeName="Microsoft.VisualStudio.TestTools.TestTypes.Unit.UnitTestAdapter, Microsoft.VisualStudio.QualityTools.Tips.UnitTest.Adapter, Version=10.0.0.0, Culture=neutral, PublicKeyToken=b03f5f7f11d50a3a" className="Nucleo.Orm.Configuration.UnitOfWorkSectionTest, Tests.Unit.Orm, Version=1.0.0.0, Culture=neutral, PublicKeyToken=null" name="GettingAndSettingPropertiesWorksOK" />
    </UnitTest>
    <UnitTest name="CreatingWithValidButMissingRegistrationReturnsNull" storage="c:\content\vs projects\nucleo\orm\4.0\tests.unit.orm\bin\debug\tests.unit.orm.dll" id="5b6f3b21-76b1-e845-7c9f-abc851c25973">
      <Execution id="c5e6e44b-36d4-40db-ae3c-8594f09aa7e1" />
      <TestMethod codeBase="C:/Content/VS Projects/Nucleo/Orm/4.0/Tests.Unit.Orm/bin/Debug/Tests.Unit.Orm.DLL" adapterTypeName="Microsoft.VisualStudio.TestTools.TestTypes.Unit.UnitTestAdapter, Microsoft.VisualStudio.QualityTools.Tips.UnitTest.Adapter, Version=10.0.0.0, Culture=neutral, PublicKeyToken=b03f5f7f11d50a3a" className="Nucleo.Orm.Discovery.ConfigurationUnitOfWorkDiscoveryStrategyTest, Tests.Unit.Orm, Version=1.0.0.0, Culture=neutral, PublicKeyToken=null" name="CreatingWithValidButMissingRegistrationReturnsNull" />
    </UnitTest>
    <UnitTest name="QueryingWithNullExpression3ThrowsException" storage="c:\content\vs projects\nucleo\orm\4.0\tests.unit.orm\bin\debug\tests.unit.orm.dll" id="459a003a-a71e-1e65-4141-7bdd62b9ff3f">
      <Execution id="aa533335-42c1-4a56-83d3-f498ef64678f" />
      <TestMethod codeBase="C:/Content/VS Projects/Nucleo/Orm/4.0/Tests.Unit.Orm/bin/Debug/Tests.Unit.Orm.DLL" adapterTypeName="Microsoft.VisualStudio.TestTools.TestTypes.Unit.UnitTestAdapter, Microsoft.VisualStudio.QualityTools.Tips.UnitTest.Adapter, Version=10.0.0.0, Culture=neutral, PublicKeyToken=b03f5f7f11d50a3a" className="Nucleo.Orm.Entities.Generic.ContextGenericUnitOfWorkTest, Tests.Unit.Orm, Version=1.0.0.0, Culture=neutral, PublicKeyToken=null" name="QueryingWithNullExpression3ThrowsException" />
    </UnitTest>
    <UnitTest name="QueryingGenericIQueryableWithNullLambdaThrowsException" storage="c:\content\vs projects\nucleo\orm\4.0\tests.unit.orm\bin\debug\tests.unit.orm.dll" id="7f159efc-c116-df3f-4dea-cae98296411d">
      <Execution id="42db0ba6-019f-4781-b7ec-28220fcb76ac" />
      <TestMethod codeBase="C:/Content/VS Projects/Nucleo/Orm/4.0/Tests.Unit.Orm/bin/Debug/Tests.Unit.Orm.DLL" adapterTypeName="Microsoft.VisualStudio.TestTools.TestTypes.Unit.UnitTestAdapter, Microsoft.VisualStudio.QualityTools.Tips.UnitTest.Adapter, Version=10.0.0.0, Culture=neutral, PublicKeyToken=b03f5f7f11d50a3a" className="Nucleo.Orm.Entities.Generic.ContextGenericUnitOfWorkTest, Tests.Unit.Orm, Version=1.0.0.0, Culture=neutral, PublicKeyToken=null" name="QueryingGenericIQueryableWithNullLambdaThrowsException" />
    </UnitTest>
    <UnitTest name="GettingValidEntityWithKeyReturnsObject" storage="c:\content\vs projects\nucleo\orm\4.0\tests.unit.orm\bin\debug\tests.unit.orm.dll" id="c161f08e-d345-c8e4-3271-6dc5549e5d5c">
      <Execution id="cc01bac2-1c99-4ba6-b333-e3e6fea4161d" />
      <TestMethod codeBase="C:/Content/VS Projects/Nucleo/Orm/4.0/Tests.Unit.Orm/bin/Debug/Tests.Unit.Orm.DLL" adapterTypeName="Microsoft.VisualStudio.TestTools.TestTypes.Unit.UnitTestAdapter, Microsoft.VisualStudio.QualityTools.Tips.UnitTest.Adapter, Version=10.0.0.0, Culture=neutral, PublicKeyToken=b03f5f7f11d50a3a" className="Nucleo.Orm.Entities.Generic.ContextGenericUnitOfWorkTest, Tests.Unit.Orm, Version=1.0.0.0, Culture=neutral, PublicKeyToken=null" name="GettingValidEntityWithKeyReturnsObject" />
    </UnitTest>
    <UnitTest name="QueuingUpdateWithNullEntityThrowsException" storage="c:\content\vs projects\nucleo\orm\4.0\tests.unit.orm\bin\debug\tests.unit.orm.dll" id="c16c6a4f-f8d8-e229-bd3b-4a2682e47acc">
      <Execution id="b1a0c3cc-4fdb-4651-8a05-2020be8a3023" />
      <TestMethod codeBase="C:/Content/VS Projects/Nucleo/Orm/4.0/Tests.Unit.Orm/bin/Debug/Tests.Unit.Orm.DLL" adapterTypeName="Microsoft.VisualStudio.TestTools.TestTypes.Unit.UnitTestAdapter, Microsoft.VisualStudio.QualityTools.Tips.UnitTest.Adapter, Version=10.0.0.0, Culture=neutral, PublicKeyToken=b03f5f7f11d50a3a" className="Nucleo.Orm.Entities.Generic.ContextGenericUnitOfWorkTest, Tests.Unit.Orm, Version=1.0.0.0, Culture=neutral, PublicKeyToken=null" name="QueuingUpdateWithNullEntityThrowsException" />
    </UnitTest>
[...]
   at Nucleo.Orm.Entities.Generic.ContextGenericUnitOfWork.Get(EntityKeyInformation info) in C:\Content\VS Projects\Nucleo\Orm\4.0\Nucleo.Orm.Entity\Orm\Entities\Generic\ContextGenericUnitOfWork.cs:line 69
   at Nucleo.Orm.Entities.Generic.ContextGenericUnitOfWorkTest.GettingValidEntityWithKeyReturnsObject() in C:\Content\VS Projects\Nucleo\Orm\4.0\Tests.Unit.Orm\Orm\Entities\Generic\ContextGenericUnitOfWorkTest.cs:line 95
</StackTrace>
        </ErrorInfo>
      </Output>
    </UnitTestResult>
    <UnitTestResult executionId="b1a0c3cc-4fdb-4651-8a05-2020be8a3023" testId="c16c6a4f-f8d8-e229-bd3b-4a2682e47acc" testName="QueuingUpdateWithNullEntityThrowsException" computerName="DAVID" duration="00:00:00.0034230" startTime="2012-03-24T14:42:42.1152187-04:00" endTime="2012-03-24T14:42:42.1210781-04:00" testType="13cdc9d9-ddb5-4fa4-a97d-d965ccfc6d4b" outcome="Passed" testListId="8c84fa94-04c1-424b-9868-57a2d4851a1d" relativeResultsDirectory="b1a0c3cc-4fdb-4651-8a05-2020be8a3023">
    </UnitTestResult>
    <UnitTestResult executionId="181cf7ca-775d-417f-9298-783428a3889f" testId="c5d4ff3a-a82c-38c1-a4e4-f21e2371f342" testName="CreatingWithNullTableThrowsException" computerName="DAVID" duration="00:00:00.0017091" startTime="2012-03-24T14:42:42.1240078-04:00" endTime="2012-03-24T14:42:42.1288906-04:00" testType="13cdc9d9-ddb5-4fa4-a97d-d965ccfc6d4b" outcome="Passed" testListId="8c84fa94-04c1-424b-9868-57a2d4851a1d" relativeResultsDirectory="181cf7ca-775d-417f-9298-783428a3889f">
    </UnitTestResult>
    <UnitTestResult executionId="2cada924-88b6-46bd-af02-5df7f2f9eb82" testId="c698b70a-0666-4226-4b97-8d0d5e83a00f" testName="QueuingInsertWithNullObjectThrowsException" computerName="DAVID" duration="00:00:00.0033976" startTime="2012-03-24T14:42:42.1308437-04:00" endTime="2012-03-24T14:42:42.1376796-04:00" testType="13cdc9d9-ddb5-4fa4-a97d-d965ccfc6d4b" outcome="Passed" testListId="8c84fa94-04c1-424b-9868-57a2d4851a1d" relativeResultsDirectory="2cada924-88b6-46bd-af02-5df7f2f9eb82">
    </UnitTestResult>
    <UnitTestResult executionId="dd13699e-eddf-4ea1-a3ed-0d41cacc4122" testId="c8ea3952-ca57-e6dc-a4d4-6bf06cea9f82" testName="QueuingDeleteWithNullInfoThrowsException" computerName="DAVID" duration="00:00:00.0026006" startTime="2012-03-24T14:42:42.1406093-04:00" endTime="2012-03-24T14:42:42.1454921-04:00" testType="13cdc9d9-ddb5-4fa4-a97d-d965ccfc6d4b" outcome="Passed" testListId="8c84fa94-04c1-424b-9868-57a2d4851a1d" relativeResultsDirectory="dd13699e-eddf-4ea1-a3ed-0d41cacc4122">
    </UnitTestResult>
    <UnitTestResult executionId="23f5d8a4-22e7-43af-9c12-96ff8085b5b2" testId="cad57930-f0bf-4909-3edd-6471ee663f58" testName="QueuingInsertAddsToChangeList" computerName="DAVID" duration="00:00:00.0026503" startTime="2012-03-24T14:42:42.1493984-04:00" endTime="2012-03-24T14:42:42.1562343-04:00" testType="13cdc9d9-ddb5-4fa4-a97d-d965ccfc6d4b" outcome="Passed" testListId="8c84fa94-04c1-424b-9868-57a2d4851a1d" relativeResultsDirectory="23f5d8a4-22e7-43af-9c12-96ff8085b5b2">
    </UnitTestResult>
    <UnitTestResult executionId="10593f9c-5fac-4f11-9cd8-94dc1fac4806" testId="cc018af1-cc80-56a7-4101-95e4838d4667" testName="CreatingWithNullContextThrowsException" computerName="DAVID" duration="00:00:00.0039248" startTime="2012-03-24T14:42:42.1591640-04:00" endTime="2012-03-24T14:42:42.1650234-04:00" testType="13cdc9d9-ddb5-4fa4-a97d-d965ccfc6d4b" outcome="Passed" testListId="8c84fa94-04c1-424b-9868-57a2d4851a1d" relativeResultsDirectory="10593f9c-5fac-4f11-9cd8-94dc1fac4806">
    </UnitTestResult>
    <UnitTestResult executionId="930a40ab-e485-4f83-9f71-bf8ee74000e3" testId="cc4b51ae-303b-9e5c-9757-1d3d9e8f1777" testName="CreatingWithOptionsAssignsOK" computerName="DAVID" duration="00:00:00.0051009" startTime="2012-03-24T14:42:42.1679531-04:00" endTime="2012-03-24T14:42:42.1757656-04:00" testType="13cdc9d9-ddb5-4fa4-a97d-d965ccfc6d4b" outcome="Passed" testListId="8c84fa94-04c1-424b-9868-57a2d4851a1d" relativeResultsDirectory="930a40ab-e485-4f83-9f71-bf8ee74000e3">
    </UnitTestResult>
    <UnitTestResult executionId="7c5f1434-a3d7-4588-84b8-0f70fcfba26c" testId="cf085bae-c255-d472-9e18-c04089610927" testName="SavingDeletePushesChange" computerName="DAVID" duration="00:00:00.0018608" startTime="2012-03-24T14:42:42.1786953-04:00" endTime="2012-03-24T14:42:42.1826015-04:00" testType="13cdc9d9-ddb5-4fa4-a97d-d965ccfc6d4b" outcome="Passed" testListId="8c84fa94-04c1-424b-9868-57a2d4851a1d" relativeResultsDirectory="7c5f1434-a3d7-4588-84b8-0f70fcfba26c">
    </UnitTestResult>
    <UnitTestResult executionId="5715be1a-1bfb-4bd5-ba3b-af5548b35497" testId="cf85672e-98c7-81c2-8473-46eea0cdd0ff" testName="GettingAndSettingPropertiesWorksOK" computerName="DAVID" duration="00:00:00.0023880" startTime="2012-03-24T14:42:42.1865078-04:00" endTime="2012-03-24T14:42:42.1923671-04:00" testType="13cdc9d9-ddb5-4fa4-a97d-d965ccfc6d4b" outcome="Passed" testListId="8c84fa94-04c1-424b-9868-57a2d4851a1d" relativeResultsDirectory="5715be1a-1bfb-4bd5-ba3b-af5548b35497">
    </UnitTestResult>
    <UnitTestResult executionId="94602682-5999-43c7-b154-df05d21b4900" testId="cf8739a2-fd07-96cd-50a8-0d03a9c947e6" testName="QueuingDeleteCallsOnSubmit" computerName="DAVID" duration="00:00:00.0052526" startTime="2012-03-24T14:42:42.1952968-04:00" endTime="2012-03-24T14:42:42.2031093-04:00" testType="13cdc9d9-ddb5-4fa4-a97d-d965ccfc6d4b" outcome="Passed" testListId="8c84fa94-04c1-424b-9868-57a2d4851a1d" relativeResultsDirectory="94602682-5999-43c7-b154-df05d21b4900">
    </UnitTestResult>
    <UnitTestResult executionId="0fca1d55-7c42-4fe0-ba29-f89f2194a4ca" testId="d1d48adf-cf30-0a1b-0fc4-71787e8d5c9e" testName="CreatingFromConfigWhenConfigDoesntExistThrowsException" computerName="DAVID" duration="00:00:00.0100766" startTime="2012-03-24T14:42:42.2060390-04:00" endTime="2012-03-24T14:42:42.2187343-04:00" testType="13cdc9d9-ddb5-4fa4-a97d-d965ccfc6d4b" outcome="Passed" testListId="8c84fa94-04c1-424b-9868-57a2d4851a1d" relativeResultsDirectory="0fca1d55-7c42-4fe0-ba29-f89f2194a4ca">
    </UnitTestResult>
    <UnitTestResult executionId="3caab05c-deb7-4675-9883-2bc8b805d84f" testId="d4a37770-ed78-35d3-e473-4f32ad9d782e" testName="GetByNullIDLookupThrowsException" computerName="DAVID" duration="00:00:00.0016960" startTime="2012-03-24T14:42:42.2216640-04:00" endTime="2012-03-24T14:42:42.2255703-04:00" testType="13cdc9d9-ddb5-4fa4-a97d-d965ccfc6d4b" outcome="Passed" testListId="8c84fa94-04c1-424b-9868-57a2d4851a1d" relativeResultsDirectory="3caab05c-deb7-4675-9883-2bc8b805d84f">
    </UnitTestResult>
    <UnitTestResult executionId="736e7b77-0fac-41b2-a966-84fb67b17111" testId="d654a00b-2a3c-4d1e-bfbe-fb3225eadd09" testName="QueueingInvalidUpdateThrowsException" computerName="DAVID" duration="00:00:00.0027305" startTime="2012-03-24T14:42:42.2285000-04:00" endTime="2012-03-24T14:42:42.2343593-04:00" testType="13cdc9d9-ddb5-4fa4-a97d-d965ccfc6d4b" outcome="Passed" testListId="8c84fa94-04c1-424b-9868-57a2d4851a1d" relativeResultsDirectory="736e7b77-0fac-41b2-a966-84fb67b17111">
    </UnitTestResult>
    <UnitTestResult executionId="03ce83c7-354f-4ad6-a94a-30b6f977fe16" testId="d69c55cf-d668-5519-9d89-d95aaff0f7ca" testName="QueuingUpdateWhenAttachedDoesNotAttach" computerName="DAVID" duration="00:00:00.0061507" startTime="2012-03-24T14:42:42.2372890-04:00" endTime="2012-03-24T14:42:42.2460781-04:00" testType="13cdc9d9-ddb5-4fa4-a97d-d965ccfc6d4b" outcome="Passed" testListId="8c84fa94-04c1-424b-9868-57a2d4851a1d" relativeResultsDirectory="03ce83c7-354f-4ad6-a94a-30b6f977fe16">
    </UnitTestResult>
    <UnitTestResult executionId="e1b39201-d6bf-43d1-9cc1-fc3e03ec358e" testId="d6ebf0c6-5531-08fd-95e7-43e602f649ed" testName="FiringActionWorksOK" computerName="DAVID" duration="00:00:00.0028674" startTime="2012-03-24T14:42:42.2490078-04:00" endTime="2012-03-24T14:42:42.2548671-04:00" testType="13cdc9d9-ddb5-4fa4-a97d-d965ccfc6d4b" outcome="Passed" testListId="8c84fa94-04c1-424b-9868-57a2d4851a1d" relativeResultsDirectory="e1b39201-d6bf-43d1-9cc1-fc3e03ec358e">
    </UnitTestResult>
    <UnitTestResult executionId="702293b2-b5b6-4bbc-988c-d5c946068329" testId="da2294e4-6224-f8f4-af00-bb7bd32e5d1d" testName="LocatingUnitOfWorkByNameWorksOK" computerName="DAVID" duration="00:00:00.0067377" startTime="2012-03-24T14:42:42.2577968-04:00" endTime="2012-03-24T14:42:42.2675625-04:00" testType="13cdc9d9-ddb5-4fa4-a97d-d965ccfc6d4b" outcome="Passed" testListId="8c84fa94-04c1-424b-9868-57a2d4851a1d" relativeResultsDirectory="702293b2-b5b6-4bbc-988c-d5c946068329">
    </UnitTestResult>
    <UnitTestResult executionId="547eafbf-c9ae-4370-847e-5cc8eded343b" testId="da70f6ec-f23f-09f8-b3df-cf296cf4b626" testName="GettingByNullEntityKeyThrowsException" computerName="DAVID" duration="00:00:00.0033453" startTime="2012-03-24T14:42:42.2724453-04:00" endTime="2012-03-24T14:42:42.2783046-04:00" testType="13cdc9d9-ddb5-4fa4-a97d-d965ccfc6d4b" outcome="Passed" testListId="8c84fa94-04c1-424b-9868-57a2d4851a1d" relativeResultsDirectory="547eafbf-c9ae-4370-847e-5cc8eded343b">
    </UnitTestResult>
    <UnitTestResult executionId="76648b71-2a39-49de-8b27-36d46d8f6467" testId="dc1eb3ed-f885-c6a7-0635-9472a074f8d3" testName="CreatingEntitySetThrowsWhenCtorParamNull" computerName="DAVID" duration="00:00:00.0181310" startTime="2012-03-24T14:42:42.2812343-04:00" endTime="2012-03-24T14:42:42.3017421-04:00" testType="13cdc9d9-ddb5-4fa4-a97d-d965ccfc6d4b" outcome="Passed" testListId="8c84fa94-04c1-424b-9868-57a2d4851a1d" relativeResultsDirectory="76648b71-2a39-49de-8b27-36d46d8f6467">
    </UnitTestResult>
    <UnitTestResult executionId="2beaba2c-cdb4-4ca4-8f24-63947e6734f0" testId="dc686c0c-a3bc-ee0c-f37b-d570d864e84f" testName="CreatingWithInvalidRegistrationTypeReturnsNull" computerName="DAVID" duration="00:00:00.0055705" startTime="2012-03-24T14:42:42.3046718-04:00" endTime="2012-03-24T14:42:42.3144375-04:00" testType="13cdc9d9-ddb5-4fa4-a97d-d965ccfc6d4b" outcome="Passed" testListId="8c84fa94-04c1-424b-9868-57a2d4851a1d" relativeResultsDirectory="2beaba2c-cdb4-4ca4-8f24-63947e6734f0">
    </UnitTestResult>
    <UnitTestResult executionId="0c179c3f-686f-439a-9d16-fdab6a67c21c" testId="dd01b293-83e0-2dbb-30e7-7422faba3757" testName="DetachingAnEntityWorksOK" computerName="DAVID" duration="00:00:00.0049671" startTime="2012-03-24T14:42:42.3173671-04:00" endTime="2012-03-24T14:42:42.3242031-04:00" testType="13cdc9d9-ddb5-4fa4-a97d-d965ccfc6d4b" outcome="Passed" testListId="8c84fa94-04c1-424b-9868-57a2d4851a1d" relativeResultsDirectory="0c179c3f-686f-439a-9d16-fdab6a67c21c">
    </UnitTestResult>
    <UnitTestResult executionId="9ee10c64-9f54-4207-b70c-eef62661474e" testId="dd242d73-c31d-5754-03d1-f637ebfa213d" testName="GettingObjectByIDReturnsCorrectObject" computerName="DAVID" duration="00:00:00.0019837" startTime="2012-03-24T14:42:42.3271328-04:00" endTime="2012-03-24T14:42:42.3320156-04:00" testType="13cdc9d9-ddb5-4fa4-a97d-d965ccfc6d4b" outcome="Passed" testListId="8c84fa94-04c1-424b-9868-57a2d4851a1d" relativeResultsDirectory="9ee10c64-9f54-4207-b70c-eef62661474e">
    </UnitTestResult>
    <UnitTestResult executionId="3cda3612-ea4a-4de2-a07c-0cbfd0b4c5d0" testId="df455156-8cb1-8e84-fa6b-41a433f6420f" testName="CreatingUnitOfWorkAssignsOK" computerName="DAVID" duration="00:00:00.0034241" startTime="2012-03-24T14:42:42.3349453-04:00" endTime="2012-03-24T14:42:42.3408046-04:00" testType="13cdc9d9-ddb5-4fa4-a97d-d965ccfc6d4b" outcome="Passed" testListId="8c84fa94-04c1-424b-9868-57a2d4851a1d" relativeResultsDirectory="3cda3612-ea4a-4de2-a07c-0cbfd0b4c5d0">
    </UnitTestResult>
    <UnitTestResult executionId="d18630b4-c4b5-41ff-af31-c128f4e54d09" testId="dfe08ee1-e732-6298-2305-6ab6d1d973a3" testName="QueryingWithNullExpression1ThrowsException" computerName="DAVID" duration="00:00:00.0169172" startTime="2012-03-24T14:42:42.3466640-04:00" endTime="2012-03-24T14:42:42.3671718-04:00" testType="13cdc9d9-ddb5-4fa4-a97d-d965ccfc6d4b" outcome="Passed" testListId="8c84fa94-04c1-424b-9868-57a2d4851a1d" relativeResultsDirectory="d18630b4-c4b5-41ff-af31-c128f4e54d09">
    </UnitTestResult>
    <UnitTestResult executionId="2ca45afa-4cbd-4b83-b249-8494a49b807d" testId="e14169b4-f90e-570f-6aa4-0bbc02fbe685" testName="ValidatingEmptyRulesReturnsEmptyValidationResult" computerName="DAVID" duration="00:00:00.0101610" startTime="2012-03-24T14:42:42.3701015-04:00" endTime="2012-03-24T14:42:42.3827968-04:00" testType="13cdc9d9-ddb5-4fa4-a97d-d965ccfc6d4b" outcome="Passed" testListId="8c84fa94-04c1-424b-9868-57a2d4851a1d" relativeResultsDirectory="2ca45afa-4cbd-4b83-b249-8494a49b807d">
    </UnitTestResult>
    <UnitTestResult executionId="e981dfe0-5794-4283-9769-14b35c16f33b" testId="e1419735-0a7c-a343-7b6a-6b03d31f7385" testName="ContextIsRetrievedFromTable" computerName="DAVID" duration="00:00:00.0070151" startTime="2012-03-24T14:42:42.3857265-04:00" endTime="2012-03-24T14:42:42.3984218-04:00" testType="13cdc9d9-ddb5-4fa4-a97d-d965ccfc6d4b" outcome="Passed" testListId="8c84fa94-04c1-424b-9868-57a2d4851a1d" relativeResultsDirectory="e981dfe0-5794-4283-9769-14b35c16f33b">
    </UnitTestResult>
    <UnitTestResult executionId="77b53ef1-8791-4d25-ad24-40cffd9275d2" testId="e41eb29c-c451-088a-3f75-2f5e5fb6b089" testName="QueuingInsertAddsToObjectSet" computerName="DAVID" duration="00:00:00.0067994" startTime="2012-03-24T14:42:42.4013515-04:00" endTime="2012-03-24T14:42:42.4101406-04:00" testType="13cdc9d9-ddb5-4fa4-a97d-d965ccfc6d4b" outcome="Passed" testListId="8c84fa94-04c1-424b-9868-57a2d4851a1d" relativeResultsDirectory="77b53ef1-8791-4d25-ad24-40cffd9275d2">
    </UnitTestResult>
    <UnitTestResult executionId="76dfa808-550c-43a3-85be-ced11806ee12" testId="e5217617-63fb-8fe0-b269-f86f1c5e5623" testName="LocatingNullUnitOfWorkThrowsException" computerName="DAVID" duration="00:00:00.0035540" startTime="2012-03-24T14:42:42.4140468-04:00" endTime="2012-03-24T14:42:42.4208828-04:00" testType="13cdc9d9-ddb5-4fa4-a97d-d965ccfc6d4b" outcome="Passed" testListId="8c84fa94-04c1-424b-9868-57a2d4851a1d" relativeResultsDirectory="76dfa808-550c-43a3-85be-ced11806ee12">
    </UnitTestResult>
    <UnitTestResult executionId="508ec2ae-7ce1-4379-b4da-a2f15878f6f8" testId="e725ecd4-2d11-c015-13f0-34e0f66a36fc" testName="CreatingANewEntityCreatesOK" computerName="DAVID" duration="00:00:00.0034702" startTime="2012-03-24T14:42:42.4238125-04:00" endTime="2012-03-24T14:42:42.4296718-04:00" testType="13cdc9d9-ddb5-4fa4-a97d-d965ccfc6d4b" outcome="Passed" testListId="8c84fa94-04c1-424b-9868-57a2d4851a1d" relativeResultsDirectory="508ec2ae-7ce1-4379-b4da-a2f15878f6f8">
    </UnitTestResult>
    <UnitTestResult executionId="1777877b-45c1-49dc-96d9-108804da929b" testId="e9915c47-9188-8b20-ac6c-3e7e3a01e157" testName="CreatesTheMessagesAssignsOK" computerName="DAVID" duration="00:00:00.0018203" startTime="2012-03-24T14:42:42.4326015-04:00" endTime="2012-03-24T14:42:42.4365078-04:00" testType="13cdc9d9-ddb5-4fa4-a97d-d965ccfc6d4b" outcome="Passed" testListId="8c84fa94-04c1-424b-9868-57a2d4851a1d" relativeResultsDirectory="1777877b-45c1-49dc-96d9-108804da929b">
    </UnitTestResult>
    <UnitTestResult executionId="9f10713c-8808-473f-b6c0-1f7c15b64853" testId="ebb9acfa-f8fe-53cc-15b4-a60c3c39566e" testName="AddingErrorResultSetsIsErrorFlag" computerName="DAVID" duration="00:00:00.0039091" startTime="2012-03-24T14:42:42.4404140-04:00" endTime="2012-03-24T14:42:42.4472500-04:00" testType="13cdc9d9-ddb5-4fa4-a97d-d965ccfc6d4b" outcome="Passed" testListId="8c84fa94-04c1-424b-9868-57a2d4851a1d" relativeResultsDirectory="9f10713c-8808-473f-b6c0-1f7c15b64853">
    </UnitTestResult>
    <UnitTestResult executionId="8d2f1a90-2571-468b-8a3e-11eaebca2a20" testId="f022b687-5ab1-eae2-6a2b-5d8c4245ec36" testName="SavingChangesSavesOK" computerName="DAVID" duration="00:00:00.0087899" startTime="2012-03-24T14:42:42.4501796-04:00" endTime="2012-03-24T14:42:42.4609218-04:00" testType="13cdc9d9-ddb5-4fa4-a97d-d965ccfc6d4b" outcome="Failed" testListId="8c84fa94-04c1-424b-9868-57a2d4851a1d" relativeResultsDirectory="8d2f1a90-2571-468b-8a3e-11eaebca2a20">
      <Output>
        <ErrorInfo>
          <Message>Test method Nucleo.Orm.Entities.NucleoObjectContextTest.SavingChangesSavesOK threw exception: 
TypeMock.VerifyException: 
TypeMock Verification: Method System.Data.Objects.ObjectContext.SaveChanges() was expected but was not called</Message>
          <StackTrace>    at en.a(jl A_0, d3 A_1, hq A_2, Predicate`1 A_3)
   at b7.b(Delegate A_0)
   at b7.WasCalledWithAnyArguments[T](Func`1 func)
   at Nucleo.Orm.Entities.NucleoObjectContextTest.SavingChangesSavesOK() in C:\Content\VS Projects\Nucleo\Orm\4.0\Tests.Unit.Orm\Orm\Entities\NucleoObjectContextTest.cs:line 21
</StackTrace>
        </ErrorInfo>
      </Output>
    </UnitTestResult>
    <UnitTestResult executionId="1a54c165-d42e-49cb-a30c-a43bbbd0cabe" testId="f03c6866-bc60-214f-0c44-8f942145c010" testName="CtorWithNullData2ThrowsException" computerName="DAVID" duration="00:00:00.0021656" startTime="2012-03-24T14:42:42.4745937-04:00" endTime="2012-03-24T14:42:42.4804531-04:00" testType="13cdc9d9-ddb5-4fa4-a97d-d965ccfc6d4b" outcome="Passed" testListId="8c84fa94-04c1-424b-9868-57a2d4851a1d" relativeResultsDirectory="1a54c165-d42e-49cb-a30c-a43bbbd0cabe">
    </UnitTestResult>
    <UnitTestResult executionId="f5c316ed-7310-4b83-aac9-a79dac09c2cb" testId="f14445b8-e8cd-916f-7aeb-f4b2734a6d22" testName="QueuingUpdateDoesNothing" computerName="DAVID" duration="00:00:00.0230149" startTime="2012-03-24T14:42:42.4833828-04:00" endTime="2012-03-24T14:42:42.5097500-04:00" testType="13cdc9d9-ddb5-4fa4-a97d-d965ccfc6d4b" outcome="Passed" testListId="8c84fa94-04c1-424b-9868-57a2d4851a1d" relativeResultsDirectory="f5c316ed-7310-4b83-aac9-a79dac09c2cb">
    </UnitTestResult>
    <UnitTestResult executionId="f6fa22be-a1a2-40ec-93e7-5b0991dd3eea" testId="f4564b45-9959-b643-af2a-722b08b6d1ea" testName="SavingChangesCallsOnContext" computerName="DAVID" duration="00:00:00.0061094" startTime="2012-03-24T14:42:42.5136562-04:00" endTime="2012-03-24T14:42:42.5234218-04:00" testType="13cdc9d9-ddb5-4fa4-a97d-d965ccfc6d4b" outcome="Passed" testListId="8c84fa94-04c1-424b-9868-57a2d4851a1d" relativeResultsDirectory="f6fa22be-a1a2-40ec-93e7-5b0991dd3eea">
    </UnitTestResult>
    <UnitTestResult executionId="5ed227a2-b378-49b4-a4d2-70c723bbdc3b" testId="f975b55f-115f-a2ca-6e26-1adff96a3233" testName="QueueingNullInsertThrowsException" computerName="DAVID" duration="00:00:00.0018139" startTime="2012-03-24T14:42:42.5263515-04:00" endTime="2012-03-24T14:42:42.5312343-04:00" testType="13cdc9d9-ddb5-4fa4-a97d-d965ccfc6d4b" outcome="Passed" testListId="8c84fa94-04c1-424b-9868-57a2d4851a1d" relativeResultsDirectory="5ed227a2-b378-49b4-a4d2-70c723bbdc3b">
    </UnitTestResult>
    <UnitTestResult executionId="1acbc113-a45b-4255-91a2-667083186192" testId="fa9d216e-8a6b-8d7b-80a0-c9bdf6b0016d" testName="ServingCachedMethodWorksOK" computerName="DAVID" duration="00:00:00.0104870" startTime="2012-03-24T14:42:42.5331875-04:00" endTime="2012-03-24T14:42:42.5468593-04:00" testType="13cdc9d9-ddb5-4fa4-a97d-d965ccfc6d4b" outcome="Passed" testListId="8c84fa94-04c1-424b-9868-57a2d4851a1d" relativeResultsDirectory="1acbc113-a45b-4255-91a2-667083186192">
    </UnitTestResult>
    <UnitTestResult executionId="c9df9437-cbd9-4c1a-947e-fb8fb1e52578" testId="faaec9bb-7e12-1870-005d-8af279658fb2" testName="GettingByKeyReturnsNull" computerName="DAVID" duration="00:00:00.0069483" startTime="2012-03-24T14:42:42.5517421-04:00" endTime="2012-03-24T14:42:42.5624843-04:00" testType="13cdc9d9-ddb5-4fa4-a97d-d965ccfc6d4b" outcome="Passed" testListId="8c84fa94-04c1-424b-9868-57a2d4851a1d" relativeResultsDirectory="c9df9437-cbd9-4c1a-947e-fb8fb1e52578">
    </UnitTestResult>
  </Results>
</TestRun>